#
# There is insufficient memory for the Java Runtime Environment to continue.
# Native memory allocation (malloc) failed to allocate 2079632 bytes for Chunk::new
# Possible reasons:
#   The system is out of physical RAM or swap space
#   The process is running with CompressedOops enabled, and the Java Heap may be blocking the growth of the native heap
# Possible solutions:
#   Reduce memory load on the system
#   Increase physical memory or swap space
#   Check if swap backing store is full
#   Decrease Java heap size (-Xmx/-Xms)
#   Decrease number of Java threads
#   Decrease Java thread stack sizes (-Xss)
#   Set larger code cache with -XX:ReservedCodeCacheSize=
#   JVM is running with Unscaled Compressed Oops mode in which the Java heap is
#     placed in the first 4GB address space. The Java Heap base address is the
#     maximum limit for the native heap growth. Please use -XX:HeapBaseMinAddress
#     to set the Java Heap base and to place the Java Heap above 4GB virtual address.
# This output file may be truncated or incomplete.
#
#  Out of Memory Error (arena.cpp:189), pid=34680, tid=42136
#
# JRE version: Java(TM) SE Runtime Environment (17.0.10+11) (build 17.0.10+11-LTS-240)
# Java VM: Java HotSpot(TM) 64-Bit Server VM (17.0.10+11-LTS-240, mixed mode, sharing, tiered, compressed oops, compressed class ptrs, g1 gc, windows-amd64)
# No core dump will be written. Minidumps are not enabled by default on client versions of Windows
#

---------------  S U M M A R Y ------------

Command Line: --add-opens=java.base/java.util=ALL-UNNAMED --add-opens=java.base/java.lang=ALL-UNNAMED --add-opens=java.base/java.lang.invoke=ALL-UNNAMED --add-opens=java.prefs/java.util.prefs=ALL-UNNAMED --add-opens=java.base/java.nio.charset=ALL-UNNAMED --add-opens=java.base/java.net=ALL-UNNAMED --add-opens=java.base/java.util.concurrent.atomic=ALL-UNNAMED -XX:MaxMetaspaceSize=384m -XX:+HeapDumpOnOutOfMemoryError -Xms256m -Xmx512m -Dfile.encoding=x-windows-949 -Duser.country=KR -Duser.language=ko -Duser.variant -javaagent:C:\Users\samsung\.gradle\wrapper\dists\gradle-8.5-bin\5t9huq95ubn472n8rpzujfbqh\gradle-8.5\lib\agents\gradle-instrumentation-agent-8.5.jar org.gradle.launcher.daemon.bootstrap.GradleDaemon 8.5

Host: 11th Gen Intel(R) Core(TM) i5-1135G7 @ 2.40GHz, 8 cores, 7G,  Windows 11 , 64 bit Build 22621 (10.0.22621.3527)
Time: Fri Jun  7 01:42:39 2024  Windows 11 , 64 bit Build 22621 (10.0.22621.3527) elapsed time: 69.290379 seconds (0d 0h 1m 9s)

---------------  T H R E A D  ---------------

Current thread (0x00000133b7db6d20):  JavaThread "C2 CompilerThread0" daemon [_thread_in_native, id=42136, stack(0x0000000210e00000,0x0000000210f00000)]


Current CompileTask:
C2:  69291 8370       4       org.codehaus.groovy.reflection.CachedMethod::compareToCachedMethod (160 bytes)

Stack: [0x0000000210e00000,0x0000000210f00000]
Native frames: (J=compiled Java code, j=interpreted, Vv=VM code, C=native code)
V  [jvm.dll+0x677a5a]
V  [jvm.dll+0x7d8b2d]
V  [jvm.dll+0x7da48e]
V  [jvm.dll+0x7daaf3]
V  [jvm.dll+0x2455ff]
V  [jvm.dll+0xaaafb]
V  [jvm.dll+0xab09c]
V  [jvm.dll+0x361bae]
V  [jvm.dll+0x32c211]
V  [jvm.dll+0x32b6aa]
V  [jvm.dll+0x21794f]
V  [jvm.dll+0x216d81]
V  [jvm.dll+0x1a3410]
V  [jvm.dll+0x226aeb]
V  [jvm.dll+0x224cab]
V  [jvm.dll+0x78e45c]
V  [jvm.dll+0x78888a]
V  [jvm.dll+0x676935]
C  [ucrtbase.dll+0x29333]
C  [KERNEL32.DLL+0x1257d]
C  [ntdll.dll+0x5aa48]


---------------  P R O C E S S  ---------------

Threads class SMR info:
_java_thread_list=0x00000133d5d6b560, length=51, elements={
0x000001339d49f510, 0x00000133b7d946e0, 0x00000133b7d950a0, 0x00000133b7db3320,
0x00000133b7db3ce0, 0x00000133b7db46a0, 0x00000133b7db5060, 0x00000133b7db6d20,
0x00000133b7dd2fe0, 0x00000133b7dbf6e0, 0x00000133b7d820f0, 0x00000133d11b1af0,
0x00000133d2ac0370, 0x00000133d22ab1f0, 0x00000133d2a844c0, 0x00000133d2f43010,
0x00000133d2f434f0, 0x00000133d2b95800, 0x00000133d2b939a0, 0x00000133d2b93490,
0x00000133d2b92f80, 0x00000133d2b93eb0, 0x00000133d2b94de0, 0x00000133d2b92a70,
0x00000133d2b92050, 0x00000133d2b92560, 0x00000133d3934ac0, 0x00000133d39354e0,
0x00000133d3936920, 0x00000133d3936e30, 0x00000133d3936410, 0x00000133d3937340,
0x00000133d3937850, 0x00000133d39340a0, 0x00000133d3934fd0, 0x00000133d39345b0,
0x00000133d39359f0, 0x00000133d3935f00, 0x00000133d333cad0, 0x00000133d333fd70,
0x00000133d3343a30, 0x00000133d33411b0, 0x00000133d333f860, 0x00000133d3344450,
0x00000133d333df10, 0x00000133d333e930, 0x00000133d333da00, 0x00000133d3343010,
0x00000133d33420e0, 0x00000133d3340ca0, 0x00000133d3342b00
}

Java Threads: ( => current thread )
  0x000001339d49f510 JavaThread "main" [_thread_blocked, id=9808, stack(0x0000000210100000,0x0000000210200000)]
  0x00000133b7d946e0 JavaThread "Reference Handler" daemon [_thread_blocked, id=3400, stack(0x0000000210800000,0x0000000210900000)]
  0x00000133b7d950a0 JavaThread "Finalizer" daemon [_thread_blocked, id=38376, stack(0x0000000210900000,0x0000000210a00000)]
  0x00000133b7db3320 JavaThread "Signal Dispatcher" daemon [_thread_blocked, id=38868, stack(0x0000000210a00000,0x0000000210b00000)]
  0x00000133b7db3ce0 JavaThread "Attach Listener" daemon [_thread_blocked, id=42664, stack(0x0000000210b00000,0x0000000210c00000)]
  0x00000133b7db46a0 JavaThread "Service Thread" daemon [_thread_blocked, id=8660, stack(0x0000000210c00000,0x0000000210d00000)]
  0x00000133b7db5060 JavaThread "Monitor Deflation Thread" daemon [_thread_blocked, id=2096, stack(0x0000000210d00000,0x0000000210e00000)]
=>0x00000133b7db6d20 JavaThread "C2 CompilerThread0" daemon [_thread_in_native, id=42136, stack(0x0000000210e00000,0x0000000210f00000)]
  0x00000133b7dd2fe0 JavaThread "C1 CompilerThread0" daemon [_thread_blocked, id=40560, stack(0x0000000210f00000,0x0000000211000000)]
  0x00000133b7dbf6e0 JavaThread "Sweeper thread" daemon [_thread_blocked, id=25728, stack(0x0000000211000000,0x0000000211100000)]
  0x00000133b7d820f0 JavaThread "Common-Cleaner" daemon [_thread_blocked, id=19484, stack(0x0000000211100000,0x0000000211200000)]
  0x00000133d11b1af0 JavaThread "Notification Thread" daemon [_thread_blocked, id=32036, stack(0x0000000211200000,0x0000000211300000)]
  0x00000133d2ac0370 JavaThread "Daemon health stats" [_thread_blocked, id=22084, stack(0x0000000211900000,0x0000000211a00000)]
  0x00000133d22ab1f0 JavaThread "Incoming local TCP Connector on port 50729" [_thread_in_native, id=32648, stack(0x0000000211a00000,0x0000000211b00000)]
  0x00000133d2a844c0 JavaThread "Daemon periodic checks" [_thread_blocked, id=15748, stack(0x0000000211b00000,0x0000000211c00000)]
  0x00000133d2f43010 JavaThread "Daemon" [_thread_blocked, id=25524, stack(0x0000000211c00000,0x0000000211d00000)]
  0x00000133d2f434f0 JavaThread "Handler for socket connection from /127.0.0.1:50729 to /127.0.0.1:50731" [_thread_in_native, id=17688, stack(0x0000000211d00000,0x0000000211e00000)]
  0x00000133d2b95800 JavaThread "Cancel handler" [_thread_blocked, id=38560, stack(0x0000000211e00000,0x0000000211f00000)]
  0x00000133d2b939a0 JavaThread "Daemon worker" [_thread_in_vm, id=31132, stack(0x0000000211f00000,0x0000000212000000)]
  0x00000133d2b93490 JavaThread "Asynchronous log dispatcher for DefaultDaemonConnection: socket connection from /127.0.0.1:50729 to /127.0.0.1:50731" [_thread_blocked, id=14708, stack(0x0000000212000000,0x0000000212100000)]
  0x00000133d2b92f80 JavaThread "Stdin handler" [_thread_blocked, id=31000, stack(0x0000000212100000,0x0000000212200000)]
  0x00000133d2b93eb0 JavaThread "Daemon client event forwarder" [_thread_blocked, id=40736, stack(0x0000000212200000,0x0000000212300000)]
  0x00000133d2b94de0 JavaThread "Cache worker for journal cache (C:\Users\samsung\.gradle\caches\journal-1)" [_thread_blocked, id=5288, stack(0x0000000212300000,0x0000000212400000)]
  0x00000133d2b92a70 JavaThread "File lock request listener" [_thread_in_native, id=3520, stack(0x0000000212400000,0x0000000212500000)]
  0x00000133d2b92050 JavaThread "Cache worker for file hash cache (C:\Users\samsung\.gradle\caches\8.5\fileHashes)" [_thread_blocked, id=5404, stack(0x0000000212500000,0x0000000212600000)]
  0x00000133d2b92560 JavaThread "File watcher server" daemon [_thread_in_native, id=1824, stack(0x0000000212600000,0x0000000212700000)]
  0x00000133d3934ac0 JavaThread "File watcher consumer" daemon [_thread_blocked, id=21276, stack(0x0000000212700000,0x0000000212800000)]
  0x00000133d39354e0 JavaThread "jar transforms" [_thread_blocked, id=38368, stack(0x0000000212800000,0x0000000212900000)]
  0x00000133d3936920 JavaThread "jar transforms Thread 2" [_thread_blocked, id=39584, stack(0x0000000212900000,0x0000000212a00000)]
  0x00000133d3936e30 JavaThread "jar transforms Thread 3" [_thread_blocked, id=12140, stack(0x0000000212a00000,0x0000000212b00000)]
  0x00000133d3936410 JavaThread "jar transforms Thread 4" [_thread_blocked, id=35432, stack(0x0000000212b00000,0x0000000212c00000)]
  0x00000133d3937340 JavaThread "jar transforms Thread 5" [_thread_blocked, id=38172, stack(0x0000000212c00000,0x0000000212d00000)]
  0x00000133d3937850 JavaThread "jar transforms Thread 6" [_thread_blocked, id=15704, stack(0x0000000212d00000,0x0000000212e00000)]
  0x00000133d39340a0 JavaThread "jar transforms Thread 7" [_thread_blocked, id=40664, stack(0x0000000212e00000,0x0000000212f00000)]
  0x00000133d3934fd0 JavaThread "jar transforms Thread 8" [_thread_blocked, id=6068, stack(0x0000000212f00000,0x0000000213000000)]
  0x00000133d39345b0 JavaThread "Cache worker for checksums cache (C:\Users\samsung\Documents\GitHub\past-foward-backend\.gradle\8.5\checksums)" [_thread_blocked, id=7996, stack(0x0000000213300000,0x0000000213400000)]
  0x00000133d39359f0 JavaThread "Cache worker for file hash cache (C:\Users\samsung\Documents\GitHub\past-foward-backend\.gradle\8.5\fileHashes)" [_thread_blocked, id=41112, stack(0x0000000213400000,0x0000000213500000)]
  0x00000133d3935f00 JavaThread "Cache worker for cache directory md-supplier (C:\Users\samsung\.gradle\caches\8.5\md-supplier)" [_thread_blocked, id=35608, stack(0x0000000213500000,0x0000000213600000)]
  0x00000133d333cad0 JavaThread "Cache worker for cache directory md-rule (C:\Users\samsung\.gradle\caches\8.5\md-rule)" [_thread_blocked, id=40796, stack(0x0000000213600000,0x0000000213700000)]
  0x00000133d333fd70 JavaThread "Cache worker for file content cache (C:\Users\samsung\.gradle\caches\8.5\fileContent)" [_thread_blocked, id=30004, stack(0x0000000213700000,0x0000000213800000)]
  0x00000133d3343a30 JavaThread "Cache worker for execution history cache (C:\Users\samsung\.gradle\caches\8.5\executionHistory)" [_thread_blocked, id=33076, stack(0x0000000213800000,0x0000000213900000)]
  0x00000133d33411b0 JavaThread "Cache worker for dependencies-accessors (C:\Users\samsung\Documents\GitHub\past-foward-backend\.gradle\8.5\dependencies-accessors)" [_thread_blocked, id=21336, stack(0x0000000213c00000,0x0000000213d00000)]
  0x00000133d333f860 JavaThread "Cache worker for Build Output Cleanup Cache (C:\Users\samsung\Documents\GitHub\past-foward-backend\.gradle\buildOutputCleanup)" [_thread_blocked, id=28824, stack(0x0000000210000000,0x0000000210100000)]
  0x00000133d3344450 JavaThread "Unconstrained build operations" [_thread_blocked, id=33700, stack(0x000000020ff00000,0x0000000210000000)]
  0x00000133d333df10 JavaThread "Unconstrained build operations Thread 2" [_thread_blocked, id=24204, stack(0x0000000213e00000,0x0000000213f00000)]
  0x00000133d333e930 JavaThread "Unconstrained build operations Thread 3" [_thread_blocked, id=28972, stack(0x0000000213f00000,0x0000000214000000)]
  0x00000133d333da00 JavaThread "Unconstrained build operations Thread 4" [_thread_blocked, id=5392, stack(0x0000000214000000,0x0000000214100000)]
  0x00000133d3343010 JavaThread "Unconstrained build operations Thread 5" [_thread_blocked, id=5704, stack(0x0000000214100000,0x0000000214200000)]
  0x00000133d33420e0 JavaThread "Unconstrained build operations Thread 6" [_thread_blocked, id=5252, stack(0x0000000214200000,0x0000000214300000)]
  0x00000133d3340ca0 JavaThread "Unconstrained build operations Thread 7" [_thread_blocked, id=42856, stack(0x0000000214300000,0x0000000214400000)]
  0x00000133d3342b00 JavaThread "Memory manager" [_thread_blocked, id=21096, stack(0x0000000214400000,0x0000000214500000)]

Other Threads:
  0x00000133b7d905a0 VMThread "VM Thread" [stack: 0x0000000210700000,0x0000000210800000] [id=30392]
  0x00000133d11b1fd0 WatcherThread [stack: 0x0000000211300000,0x0000000211400000] [id=35148]
  0x000001339d4d1480 GCTaskThread "GC Thread#0" [stack: 0x0000000210200000,0x0000000210300000] [id=39464]
  0x00000133d1d747d0 GCTaskThread "GC Thread#1" [stack: 0x0000000211400000,0x0000000211500000] [id=4336]
  0x00000133d1d74a90 GCTaskThread "GC Thread#2" [stack: 0x0000000211500000,0x0000000211600000] [id=32152]
  0x00000133d1d74d50 GCTaskThread "GC Thread#3" [stack: 0x0000000211600000,0x0000000211700000] [id=34544]
  0x00000133d1d75010 GCTaskThread "GC Thread#4" [stack: 0x0000000211700000,0x0000000211800000] [id=41720]
  0x00000133d1d752d0 GCTaskThread "GC Thread#5" [stack: 0x0000000211800000,0x0000000211900000] [id=41800]
  0x00000133d348c6e0 GCTaskThread "GC Thread#6" [stack: 0x0000000213000000,0x0000000213100000] [id=42320]
  0x00000133d31d1840 GCTaskThread "GC Thread#7" [stack: 0x0000000213100000,0x0000000213200000] [id=34652]
  0x000001339d4d62d0 ConcurrentGCThread "G1 Main Marker" [stack: 0x0000000210300000,0x0000000210400000] [id=29324]
  0x000001339d4d7bf0 ConcurrentGCThread "G1 Conc#0" [stack: 0x0000000210400000,0x0000000210500000] [id=26260]
  0x00000133d3cc8960 ConcurrentGCThread "G1 Conc#1" [stack: 0x0000000213200000,0x0000000213300000] [id=29268]
  0x000001339d56ecb0 ConcurrentGCThread "G1 Refine#0" [stack: 0x0000000210500000,0x0000000210600000] [id=42608]
  0x00000133d3d50370 ConcurrentGCThread "G1 Refine#1" [stack: 0x0000000213900000,0x0000000213a00000] [id=13008]
  0x00000133d4fe0f20 ConcurrentGCThread "G1 Refine#2" [stack: 0x0000000214500000,0x0000000214600000] [id=36172]
  0x00000133b7c552c0 ConcurrentGCThread "G1 Service" [stack: 0x0000000210600000,0x0000000210700000] [id=40360]

Threads with active compile tasks:
C2 CompilerThread0    69352 8370       4       org.codehaus.groovy.reflection.CachedMethod::compareToCachedMethod (160 bytes)

VM state: not at safepoint (normal execution)

VM Mutex/Monitor currently owned by a thread: None

Heap address: 0x00000000e0000000, size: 512 MB, Compressed Oops mode: 32-bit

CDS archive(s) mapped at: [0x00000133b8000000-0x00000133b8bd0000-0x00000133b8bd0000), size 12386304, SharedBaseAddress: 0x00000133b8000000, ArchiveRelocationMode: 1.
Compressed class space mapped at: 0x00000133b9000000-0x00000133cd000000, reserved size: 335544320
Narrow klass base: 0x00000133b8000000, Narrow klass shift: 0, Narrow klass range: 0x100000000

GC Precious Log:
 CPUs: 8 total, 8 available
 Memory: 7865M
 Large Page Support: Disabled
 NUMA Support: Disabled
 Compressed Oops: Enabled (32-bit)
 Heap Region Size: 1M
 Heap Min Capacity: 256M
 Heap Initial Capacity: 256M
 Heap Max Capacity: 512M
 Pre-touch: Disabled
 Parallel Workers: 8
 Concurrent Workers: 2
 Concurrent Refinement Workers: 8
 Periodic GC: Disabled

Heap:
 garbage-first heap   total 262144K, used 159902K [0x00000000e0000000, 0x0000000100000000)
  region size 1024K, 97 young (99328K), 17 survivors (17408K)
 Metaspace       used 62263K, committed 62912K, reserved 393216K
  class space    used 8634K, committed 8960K, reserved 327680K

Heap Regions: E=young(eden), S=young(survivor), O=old, HS=humongous(starts), HC=humongous(continues), CS=collection set, F=free, OA=open archive, CA=closed archive, TAMS=top-at-mark-start (previous, next)
|   0|0x00000000e0000000, 0x00000000e0100000, 0x00000000e0100000|100%|HS|  |TAMS 0x00000000e0100000, 0x00000000e0000000| Complete 
|   1|0x00000000e0100000, 0x00000000e0200000, 0x00000000e0200000|100%|HC|  |TAMS 0x00000000e0200000, 0x00000000e0100000| Complete 
|   2|0x00000000e0200000, 0x00000000e0300000, 0x00000000e0300000|100%|HC|  |TAMS 0x00000000e0300000, 0x00000000e0200000| Complete 
|   3|0x00000000e0300000, 0x00000000e0400000, 0x00000000e0400000|100%|HC|  |TAMS 0x00000000e0400000, 0x00000000e0300000| Complete 
|   4|0x00000000e0400000, 0x00000000e0500000, 0x00000000e0500000|100%| O|  |TAMS 0x00000000e0500000, 0x00000000e0400000| Untracked 
|   5|0x00000000e0500000, 0x00000000e0600000, 0x00000000e0600000|100%| O|  |TAMS 0x00000000e0600000, 0x00000000e0500000| Untracked 
|   6|0x00000000e0600000, 0x00000000e0700000, 0x00000000e0700000|100%| O|  |TAMS 0x00000000e0700000, 0x00000000e0600000| Untracked 
|   7|0x00000000e0700000, 0x00000000e0800000, 0x00000000e0800000|100%| O|  |TAMS 0x00000000e0800000, 0x00000000e0700000| Untracked 
|   8|0x00000000e0800000, 0x00000000e0900000, 0x00000000e0900000|100%| O|  |TAMS 0x00000000e0900000, 0x00000000e0800000| Untracked 
|   9|0x00000000e0900000, 0x00000000e0a00000, 0x00000000e0a00000|100%| O|  |TAMS 0x00000000e0a00000, 0x00000000e0900000| Untracked 
|  10|0x00000000e0a00000, 0x00000000e0b00000, 0x00000000e0b00000|100%| O|  |TAMS 0x00000000e0b00000, 0x00000000e0a00000| Untracked 
|  11|0x00000000e0b00000, 0x00000000e0c00000, 0x00000000e0c00000|100%|HS|  |TAMS 0x00000000e0c00000, 0x00000000e0b00000| Complete 
|  12|0x00000000e0c00000, 0x00000000e0d00000, 0x00000000e0d00000|100%|HC|  |TAMS 0x00000000e0d00000, 0x00000000e0c00000| Complete 
|  13|0x00000000e0d00000, 0x00000000e0e00000, 0x00000000e0e00000|100%|HC|  |TAMS 0x00000000e0e00000, 0x00000000e0d00000| Complete 
|  14|0x00000000e0e00000, 0x00000000e0f00000, 0x00000000e0f00000|100%|HC|  |TAMS 0x00000000e0f00000, 0x00000000e0e00000| Complete 
|  15|0x00000000e0f00000, 0x00000000e1000000, 0x00000000e1000000|100%|HC|  |TAMS 0x00000000e1000000, 0x00000000e0f00000| Complete 
|  16|0x00000000e1000000, 0x00000000e1100000, 0x00000000e1100000|100%|HS|  |TAMS 0x00000000e1100000, 0x00000000e1000000| Complete 
|  17|0x00000000e1100000, 0x00000000e1200000, 0x00000000e1200000|100%|HC|  |TAMS 0x00000000e1200000, 0x00000000e1100000| Complete 
|  18|0x00000000e1200000, 0x00000000e1300000, 0x00000000e1300000|100%|HC|  |TAMS 0x00000000e1300000, 0x00000000e1200000| Complete 
|  19|0x00000000e1300000, 0x00000000e1400000, 0x00000000e1400000|100%|HS|  |TAMS 0x00000000e1400000, 0x00000000e1300000| Complete 
|  20|0x00000000e1400000, 0x00000000e1500000, 0x00000000e1500000|100%|HC|  |TAMS 0x00000000e1500000, 0x00000000e1400000| Complete 
|  21|0x00000000e1500000, 0x00000000e1600000, 0x00000000e1600000|100%|HC|  |TAMS 0x00000000e1600000, 0x00000000e1500000| Complete 
|  22|0x00000000e1600000, 0x00000000e1700000, 0x00000000e1700000|100%| O|  |TAMS 0x00000000e1700000, 0x00000000e1600000| Untracked 
|  23|0x00000000e1700000, 0x00000000e1800000, 0x00000000e1800000|100%| O|  |TAMS 0x00000000e1800000, 0x00000000e1700000| Untracked 
|  24|0x00000000e1800000, 0x00000000e1900000, 0x00000000e1900000|100%| O|  |TAMS 0x00000000e1900000, 0x00000000e1800000| Untracked 
|  25|0x00000000e1900000, 0x00000000e1a00000, 0x00000000e1a00000|100%| O|  |TAMS 0x00000000e1a00000, 0x00000000e1900000| Untracked 
|  26|0x00000000e1a00000, 0x00000000e1b00000, 0x00000000e1b00000|100%| O|  |TAMS 0x00000000e1b00000, 0x00000000e1a00000| Untracked 
|  27|0x00000000e1b00000, 0x00000000e1c00000, 0x00000000e1c00000|100%| O|  |TAMS 0x00000000e1c00000, 0x00000000e1b00000| Untracked 
|  28|0x00000000e1c00000, 0x00000000e1d00000, 0x00000000e1d00000|100%| O|  |TAMS 0x00000000e1d00000, 0x00000000e1c00000| Untracked 
|  29|0x00000000e1d00000, 0x00000000e1e00000, 0x00000000e1e00000|100%| O|  |TAMS 0x00000000e1e00000, 0x00000000e1d00000| Untracked 
|  30|0x00000000e1e00000, 0x00000000e1f00000, 0x00000000e1f00000|100%| O|  |TAMS 0x00000000e1f00000, 0x00000000e1e00000| Untracked 
|  31|0x00000000e1f00000, 0x00000000e2000000, 0x00000000e2000000|100%| O|  |TAMS 0x00000000e2000000, 0x00000000e1f00000| Untracked 
|  32|0x00000000e2000000, 0x00000000e2100000, 0x00000000e2100000|100%| O|  |TAMS 0x00000000e2100000, 0x00000000e2000000| Untracked 
|  33|0x00000000e2100000, 0x00000000e2200000, 0x00000000e2200000|100%| O|  |TAMS 0x00000000e2200000, 0x00000000e2100000| Untracked 
|  34|0x00000000e2200000, 0x00000000e2300000, 0x00000000e2300000|100%| O|  |TAMS 0x00000000e2300000, 0x00000000e2200000| Untracked 
|  35|0x00000000e2300000, 0x00000000e2400000, 0x00000000e2400000|100%| O|  |TAMS 0x00000000e2400000, 0x00000000e2300000| Untracked 
|  36|0x00000000e2400000, 0x00000000e2500000, 0x00000000e2500000|100%| O|  |TAMS 0x00000000e2500000, 0x00000000e2400000| Untracked 
|  37|0x00000000e2500000, 0x00000000e2600000, 0x00000000e2600000|100%| O|  |TAMS 0x00000000e2600000, 0x00000000e2500000| Untracked 
|  38|0x00000000e2600000, 0x00000000e2700000, 0x00000000e2700000|100%| O|  |TAMS 0x00000000e2700000, 0x00000000e2600000| Untracked 
|  39|0x00000000e2700000, 0x00000000e2800000, 0x00000000e2800000|100%| O|  |TAMS 0x00000000e2800000, 0x00000000e2700000| Untracked 
|  40|0x00000000e2800000, 0x00000000e2900000, 0x00000000e2900000|100%| O|  |TAMS 0x00000000e2900000, 0x00000000e2800000| Untracked 
|  41|0x00000000e2900000, 0x00000000e2a00000, 0x00000000e2a00000|100%| O|  |TAMS 0x00000000e2a00000, 0x00000000e2900000| Untracked 
|  42|0x00000000e2a00000, 0x00000000e2b00000, 0x00000000e2b00000|100%| O|  |TAMS 0x00000000e2b00000, 0x00000000e2a00000| Untracked 
|  43|0x00000000e2b00000, 0x00000000e2c00000, 0x00000000e2c00000|100%| O|  |TAMS 0x00000000e2c00000, 0x00000000e2b00000| Untracked 
|  44|0x00000000e2c00000, 0x00000000e2d00000, 0x00000000e2d00000|100%| O|  |TAMS 0x00000000e2d00000, 0x00000000e2c00000| Untracked 
|  45|0x00000000e2d00000, 0x00000000e2e00000, 0x00000000e2e00000|100%|HS|  |TAMS 0x00000000e2e00000, 0x00000000e2d00000| Complete 
|  46|0x00000000e2e00000, 0x00000000e2f00000, 0x00000000e2f00000|100%|HC|  |TAMS 0x00000000e2f00000, 0x00000000e2e00000| Complete 
|  47|0x00000000e2f00000, 0x00000000e3000000, 0x00000000e3000000|100%|HC|  |TAMS 0x00000000e3000000, 0x00000000e2f00000| Complete 
|  48|0x00000000e3000000, 0x00000000e3100000, 0x00000000e3100000|100%|HC|  |TAMS 0x00000000e3100000, 0x00000000e3000000| Complete 
|  49|0x00000000e3100000, 0x00000000e3200000, 0x00000000e3200000|100%|HC|  |TAMS 0x00000000e3200000, 0x00000000e3100000| Complete 
|  50|0x00000000e3200000, 0x00000000e3300000, 0x00000000e3300000|100%| O|  |TAMS 0x00000000e3300000, 0x00000000e3200000| Untracked 
|  51|0x00000000e3300000, 0x00000000e3400000, 0x00000000e3400000|100%| O|  |TAMS 0x00000000e3400000, 0x00000000e3300000| Untracked 
|  52|0x00000000e3400000, 0x00000000e3400000, 0x00000000e3500000|  0%| F|  |TAMS 0x00000000e3400000, 0x00000000e3400000| Untracked 
|  53|0x00000000e3500000, 0x00000000e3600000, 0x00000000e3600000|100%| O|  |TAMS 0x00000000e3600000, 0x00000000e3500000| Untracked 
|  54|0x00000000e3600000, 0x00000000e3700000, 0x00000000e3700000|100%| O|  |TAMS 0x00000000e3700000, 0x00000000e3600000| Untracked 
|  55|0x00000000e3700000, 0x00000000e3800000, 0x00000000e3800000|100%| O|  |TAMS 0x00000000e3800000, 0x00000000e3700000| Untracked 
|  56|0x00000000e3800000, 0x00000000e3900000, 0x00000000e3900000|100%| O|  |TAMS 0x00000000e3900000, 0x00000000e3800000| Untracked 
|  57|0x00000000e3900000, 0x00000000e3a00000, 0x00000000e3a00000|100%| O|  |TAMS 0x00000000e3a00000, 0x00000000e3900000| Untracked 
|  58|0x00000000e3a00000, 0x00000000e3b00000, 0x00000000e3b00000|100%| O|  |TAMS 0x00000000e3b00000, 0x00000000e3a00000| Untracked 
|  59|0x00000000e3b00000, 0x00000000e3c00000, 0x00000000e3c00000|100%| O|  |TAMS 0x00000000e3c00000, 0x00000000e3b00000| Untracked 
|  60|0x00000000e3c00000, 0x00000000e3d00000, 0x00000000e3d00000|100%| O|  |TAMS 0x00000000e3d00000, 0x00000000e3c00000| Complete 
|  61|0x00000000e3d00000, 0x00000000e3d00000, 0x00000000e3e00000|  0%| F|  |TAMS 0x00000000e3d00000, 0x00000000e3d00000| Untracked 
|  62|0x00000000e3e00000, 0x00000000e3e69400, 0x00000000e3f00000| 41%| O|  |TAMS 0x00000000e3e69400, 0x00000000e3e00000| Untracked 
|  63|0x00000000e3f00000, 0x00000000e3f00000, 0x00000000e4000000|  0%| F|  |TAMS 0x00000000e3f00000, 0x00000000e3f00000| Untracked 
|  64|0x00000000e4000000, 0x00000000e4000000, 0x00000000e4100000|  0%| F|  |TAMS 0x00000000e4000000, 0x00000000e4000000| Untracked 
|  65|0x00000000e4100000, 0x00000000e4100000, 0x00000000e4200000|  0%| F|  |TAMS 0x00000000e4100000, 0x00000000e4100000| Untracked 
|  66|0x00000000e4200000, 0x00000000e4200000, 0x00000000e4300000|  0%| F|  |TAMS 0x00000000e4200000, 0x00000000e4200000| Untracked 
|  67|0x00000000e4300000, 0x00000000e4300000, 0x00000000e4400000|  0%| F|  |TAMS 0x00000000e4300000, 0x00000000e4300000| Untracked 
|  68|0x00000000e4400000, 0x00000000e4400000, 0x00000000e4500000|  0%| F|  |TAMS 0x00000000e4400000, 0x00000000e4400000| Untracked 
|  69|0x00000000e4500000, 0x00000000e4500000, 0x00000000e4600000|  0%| F|  |TAMS 0x00000000e4500000, 0x00000000e4500000| Untracked 
|  70|0x00000000e4600000, 0x00000000e4600000, 0x00000000e4700000|  0%| F|  |TAMS 0x00000000e4600000, 0x00000000e4600000| Untracked 
|  71|0x00000000e4700000, 0x00000000e4700000, 0x00000000e4800000|  0%| F|  |TAMS 0x00000000e4700000, 0x00000000e4700000| Untracked 
|  72|0x00000000e4800000, 0x00000000e4800000, 0x00000000e4900000|  0%| F|  |TAMS 0x00000000e4800000, 0x00000000e4800000| Untracked 
|  73|0x00000000e4900000, 0x00000000e4900000, 0x00000000e4a00000|  0%| F|  |TAMS 0x00000000e4900000, 0x00000000e4900000| Untracked 
|  74|0x00000000e4a00000, 0x00000000e4a00000, 0x00000000e4b00000|  0%| F|  |TAMS 0x00000000e4a00000, 0x00000000e4a00000| Untracked 
|  75|0x00000000e4b00000, 0x00000000e4b00000, 0x00000000e4c00000|  0%| F|  |TAMS 0x00000000e4b00000, 0x00000000e4b00000| Untracked 
|  76|0x00000000e4c00000, 0x00000000e4c00000, 0x00000000e4d00000|  0%| F|  |TAMS 0x00000000e4c00000, 0x00000000e4c00000| Untracked 
|  77|0x00000000e4d00000, 0x00000000e4d00000, 0x00000000e4e00000|  0%| F|  |TAMS 0x00000000e4d00000, 0x00000000e4d00000| Untracked 
|  78|0x00000000e4e00000, 0x00000000e4e00000, 0x00000000e4f00000|  0%| F|  |TAMS 0x00000000e4e00000, 0x00000000e4e00000| Untracked 
|  79|0x00000000e4f00000, 0x00000000e4f00000, 0x00000000e5000000|  0%| F|  |TAMS 0x00000000e4f00000, 0x00000000e4f00000| Untracked 
|  80|0x00000000e5000000, 0x00000000e5000000, 0x00000000e5100000|  0%| F|  |TAMS 0x00000000e5000000, 0x00000000e5000000| Untracked 
|  81|0x00000000e5100000, 0x00000000e5100000, 0x00000000e5200000|  0%| F|  |TAMS 0x00000000e5100000, 0x00000000e5100000| Untracked 
|  82|0x00000000e5200000, 0x00000000e5200000, 0x00000000e5300000|  0%| F|  |TAMS 0x00000000e5200000, 0x00000000e5200000| Untracked 
|  83|0x00000000e5300000, 0x00000000e5300000, 0x00000000e5400000|  0%| F|  |TAMS 0x00000000e5300000, 0x00000000e5300000| Untracked 
|  84|0x00000000e5400000, 0x00000000e5400000, 0x00000000e5500000|  0%| F|  |TAMS 0x00000000e5400000, 0x00000000e5400000| Untracked 
|  85|0x00000000e5500000, 0x00000000e5500000, 0x00000000e5600000|  0%| F|  |TAMS 0x00000000e5500000, 0x00000000e5500000| Untracked 
|  86|0x00000000e5600000, 0x00000000e5600000, 0x00000000e5700000|  0%| F|  |TAMS 0x00000000e5600000, 0x00000000e5600000| Untracked 
|  87|0x00000000e5700000, 0x00000000e5700000, 0x00000000e5800000|  0%| F|  |TAMS 0x00000000e5700000, 0x00000000e5700000| Untracked 
|  88|0x00000000e5800000, 0x00000000e5800000, 0x00000000e5900000|  0%| F|  |TAMS 0x00000000e5800000, 0x00000000e5800000| Untracked 
|  89|0x00000000e5900000, 0x00000000e5900000, 0x00000000e5a00000|  0%| F|  |TAMS 0x00000000e5900000, 0x00000000e5900000| Untracked 
|  90|0x00000000e5a00000, 0x00000000e5a00000, 0x00000000e5b00000|  0%| F|  |TAMS 0x00000000e5a00000, 0x00000000e5a00000| Untracked 
|  91|0x00000000e5b00000, 0x00000000e5b00000, 0x00000000e5c00000|  0%| F|  |TAMS 0x00000000e5b00000, 0x00000000e5b00000| Untracked 
|  92|0x00000000e5c00000, 0x00000000e5c00000, 0x00000000e5d00000|  0%| F|  |TAMS 0x00000000e5c00000, 0x00000000e5c00000| Untracked 
|  93|0x00000000e5d00000, 0x00000000e5d00000, 0x00000000e5e00000|  0%| F|  |TAMS 0x00000000e5d00000, 0x00000000e5d00000| Untracked 
|  94|0x00000000e5e00000, 0x00000000e5e00000, 0x00000000e5f00000|  0%| F|  |TAMS 0x00000000e5e00000, 0x00000000e5e00000| Untracked 
|  95|0x00000000e5f00000, 0x00000000e5f00000, 0x00000000e6000000|  0%| F|  |TAMS 0x00000000e5f00000, 0x00000000e5f00000| Untracked 
|  96|0x00000000e6000000, 0x00000000e6000000, 0x00000000e6100000|  0%| F|  |TAMS 0x00000000e6000000, 0x00000000e6000000| Untracked 
|  97|0x00000000e6100000, 0x00000000e6100000, 0x00000000e6200000|  0%| F|  |TAMS 0x00000000e6100000, 0x00000000e6100000| Untracked 
|  98|0x00000000e6200000, 0x00000000e6200000, 0x00000000e6300000|  0%| F|  |TAMS 0x00000000e6200000, 0x00000000e6200000| Untracked 
|  99|0x00000000e6300000, 0x00000000e6300000, 0x00000000e6400000|  0%| F|  |TAMS 0x00000000e6300000, 0x00000000e6300000| Untracked 
| 100|0x00000000e6400000, 0x00000000e6400000, 0x00000000e6500000|  0%| F|  |TAMS 0x00000000e6400000, 0x00000000e6400000| Untracked 
| 101|0x00000000e6500000, 0x00000000e6500000, 0x00000000e6600000|  0%| F|  |TAMS 0x00000000e6500000, 0x00000000e6500000| Untracked 
| 102|0x00000000e6600000, 0x00000000e6600000, 0x00000000e6700000|  0%| F|  |TAMS 0x00000000e6600000, 0x00000000e6600000| Untracked 
| 103|0x00000000e6700000, 0x00000000e6700000, 0x00000000e6800000|  0%| F|  |TAMS 0x00000000e6700000, 0x00000000e6700000| Untracked 
| 104|0x00000000e6800000, 0x00000000e6800000, 0x00000000e6900000|  0%| F|  |TAMS 0x00000000e6800000, 0x00000000e6800000| Untracked 
| 105|0x00000000e6900000, 0x00000000e6900000, 0x00000000e6a00000|  0%| F|  |TAMS 0x00000000e6900000, 0x00000000e6900000| Untracked 
| 106|0x00000000e6a00000, 0x00000000e6a00000, 0x00000000e6b00000|  0%| F|  |TAMS 0x00000000e6a00000, 0x00000000e6a00000| Untracked 
| 107|0x00000000e6b00000, 0x00000000e6b00000, 0x00000000e6c00000|  0%| F|  |TAMS 0x00000000e6b00000, 0x00000000e6b00000| Untracked 
| 108|0x00000000e6c00000, 0x00000000e6c00000, 0x00000000e6d00000|  0%| F|  |TAMS 0x00000000e6c00000, 0x00000000e6c00000| Untracked 
| 109|0x00000000e6d00000, 0x00000000e6d00000, 0x00000000e6e00000|  0%| F|  |TAMS 0x00000000e6d00000, 0x00000000e6d00000| Untracked 
| 110|0x00000000e6e00000, 0x00000000e6e00000, 0x00000000e6f00000|  0%| F|  |TAMS 0x00000000e6e00000, 0x00000000e6e00000| Untracked 
| 111|0x00000000e6f00000, 0x00000000e6f00000, 0x00000000e7000000|  0%| F|  |TAMS 0x00000000e6f00000, 0x00000000e6f00000| Untracked 
| 112|0x00000000e7000000, 0x00000000e7000000, 0x00000000e7100000|  0%| F|  |TAMS 0x00000000e7000000, 0x00000000e7000000| Untracked 
| 113|0x00000000e7100000, 0x00000000e7100000, 0x00000000e7200000|  0%| F|  |TAMS 0x00000000e7100000, 0x00000000e7100000| Untracked 
| 114|0x00000000e7200000, 0x00000000e7200000, 0x00000000e7300000|  0%| F|  |TAMS 0x00000000e7200000, 0x00000000e7200000| Untracked 
| 115|0x00000000e7300000, 0x00000000e7300000, 0x00000000e7400000|  0%| F|  |TAMS 0x00000000e7300000, 0x00000000e7300000| Untracked 
| 116|0x00000000e7400000, 0x00000000e7400000, 0x00000000e7500000|  0%| F|  |TAMS 0x00000000e7400000, 0x00000000e7400000| Untracked 
| 117|0x00000000e7500000, 0x00000000e7500000, 0x00000000e7600000|  0%| F|  |TAMS 0x00000000e7500000, 0x00000000e7500000| Untracked 
| 118|0x00000000e7600000, 0x00000000e76be700, 0x00000000e7700000| 74%| S|CS|TAMS 0x00000000e7600000, 0x00000000e7600000| Complete 
| 119|0x00000000e7700000, 0x00000000e7800000, 0x00000000e7800000|100%| S|CS|TAMS 0x00000000e7700000, 0x00000000e7700000| Complete 
| 120|0x00000000e7800000, 0x00000000e7900000, 0x00000000e7900000|100%| S|CS|TAMS 0x00000000e7800000, 0x00000000e7800000| Complete 
| 121|0x00000000e7900000, 0x00000000e7a00000, 0x00000000e7a00000|100%| S|CS|TAMS 0x00000000e7900000, 0x00000000e7900000| Complete 
| 122|0x00000000e7a00000, 0x00000000e7b00000, 0x00000000e7b00000|100%| S|CS|TAMS 0x00000000e7a00000, 0x00000000e7a00000| Complete 
| 123|0x00000000e7b00000, 0x00000000e7c00000, 0x00000000e7c00000|100%| S|CS|TAMS 0x00000000e7b00000, 0x00000000e7b00000| Complete 
| 124|0x00000000e7c00000, 0x00000000e7d00000, 0x00000000e7d00000|100%| S|CS|TAMS 0x00000000e7c00000, 0x00000000e7c00000| Complete 
| 125|0x00000000e7d00000, 0x00000000e7e00000, 0x00000000e7e00000|100%| S|CS|TAMS 0x00000000e7d00000, 0x00000000e7d00000| Complete 
| 126|0x00000000e7e00000, 0x00000000e7f00000, 0x00000000e7f00000|100%| S|CS|TAMS 0x00000000e7e00000, 0x00000000e7e00000| Complete 
| 127|0x00000000e7f00000, 0x00000000e8000000, 0x00000000e8000000|100%| S|CS|TAMS 0x00000000e7f00000, 0x00000000e7f00000| Complete 
| 128|0x00000000e8000000, 0x00000000e8100000, 0x00000000e8100000|100%| S|CS|TAMS 0x00000000e8000000, 0x00000000e8000000| Complete 
| 129|0x00000000e8100000, 0x00000000e8200000, 0x00000000e8200000|100%| S|CS|TAMS 0x00000000e8100000, 0x00000000e8100000| Complete 
| 130|0x00000000e8200000, 0x00000000e8300000, 0x00000000e8300000|100%| S|CS|TAMS 0x00000000e8200000, 0x00000000e8200000| Complete 
| 131|0x00000000e8300000, 0x00000000e8400000, 0x00000000e8400000|100%| S|CS|TAMS 0x00000000e8300000, 0x00000000e8300000| Complete 
| 132|0x00000000e8400000, 0x00000000e8500000, 0x00000000e8500000|100%| S|CS|TAMS 0x00000000e8400000, 0x00000000e8400000| Complete 
| 133|0x00000000e8500000, 0x00000000e8600000, 0x00000000e8600000|100%| S|CS|TAMS 0x00000000e8500000, 0x00000000e8500000| Complete 
| 134|0x00000000e8600000, 0x00000000e8700000, 0x00000000e8700000|100%| S|CS|TAMS 0x00000000e8600000, 0x00000000e8600000| Complete 
| 135|0x00000000e8700000, 0x00000000e8700000, 0x00000000e8800000|  0%| F|  |TAMS 0x00000000e8700000, 0x00000000e8700000| Untracked 
| 136|0x00000000e8800000, 0x00000000e8800000, 0x00000000e8900000|  0%| F|  |TAMS 0x00000000e8800000, 0x00000000e8800000| Untracked 
| 137|0x00000000e8900000, 0x00000000e8900000, 0x00000000e8a00000|  0%| F|  |TAMS 0x00000000e8900000, 0x00000000e8900000| Untracked 
| 138|0x00000000e8a00000, 0x00000000e8a00000, 0x00000000e8b00000|  0%| F|  |TAMS 0x00000000e8a00000, 0x00000000e8a00000| Untracked 
| 139|0x00000000e8b00000, 0x00000000e8b00000, 0x00000000e8c00000|  0%| F|  |TAMS 0x00000000e8b00000, 0x00000000e8b00000| Untracked 
| 140|0x00000000e8c00000, 0x00000000e8c00000, 0x00000000e8d00000|  0%| F|  |TAMS 0x00000000e8c00000, 0x00000000e8c00000| Untracked 
| 141|0x00000000e8d00000, 0x00000000e8d00000, 0x00000000e8e00000|  0%| F|  |TAMS 0x00000000e8d00000, 0x00000000e8d00000| Untracked 
| 142|0x00000000e8e00000, 0x00000000e8e00000, 0x00000000e8f00000|  0%| F|  |TAMS 0x00000000e8e00000, 0x00000000e8e00000| Untracked 
| 143|0x00000000e8f00000, 0x00000000e8f00000, 0x00000000e9000000|  0%| F|  |TAMS 0x00000000e8f00000, 0x00000000e8f00000| Untracked 
| 144|0x00000000e9000000, 0x00000000e9000000, 0x00000000e9100000|  0%| F|  |TAMS 0x00000000e9000000, 0x00000000e9000000| Untracked 
| 145|0x00000000e9100000, 0x00000000e9100000, 0x00000000e9200000|  0%| F|  |TAMS 0x00000000e9100000, 0x00000000e9100000| Untracked 
| 146|0x00000000e9200000, 0x00000000e9200000, 0x00000000e9300000|  0%| F|  |TAMS 0x00000000e9200000, 0x00000000e9200000| Untracked 
| 147|0x00000000e9300000, 0x00000000e9300000, 0x00000000e9400000|  0%| F|  |TAMS 0x00000000e9300000, 0x00000000e9300000| Untracked 
| 148|0x00000000e9400000, 0x00000000e9400000, 0x00000000e9500000|  0%| F|  |TAMS 0x00000000e9400000, 0x00000000e9400000| Untracked 
| 149|0x00000000e9500000, 0x00000000e9500000, 0x00000000e9600000|  0%| F|  |TAMS 0x00000000e9500000, 0x00000000e9500000| Untracked 
| 150|0x00000000e9600000, 0x00000000e9600000, 0x00000000e9700000|  0%| F|  |TAMS 0x00000000e9600000, 0x00000000e9600000| Untracked 
| 151|0x00000000e9700000, 0x00000000e9700000, 0x00000000e9800000|  0%| F|  |TAMS 0x00000000e9700000, 0x00000000e9700000| Untracked 
| 152|0x00000000e9800000, 0x00000000e9800000, 0x00000000e9900000|  0%| F|  |TAMS 0x00000000e9800000, 0x00000000e9800000| Untracked 
| 153|0x00000000e9900000, 0x00000000e9900000, 0x00000000e9a00000|  0%| F|  |TAMS 0x00000000e9900000, 0x00000000e9900000| Untracked 
| 154|0x00000000e9a00000, 0x00000000e9a00000, 0x00000000e9b00000|  0%| F|  |TAMS 0x00000000e9a00000, 0x00000000e9a00000| Untracked 
| 155|0x00000000e9b00000, 0x00000000e9b00000, 0x00000000e9c00000|  0%| F|  |TAMS 0x00000000e9b00000, 0x00000000e9b00000| Untracked 
| 156|0x00000000e9c00000, 0x00000000e9c00000, 0x00000000e9d00000|  0%| F|  |TAMS 0x00000000e9c00000, 0x00000000e9c00000| Untracked 
| 157|0x00000000e9d00000, 0x00000000e9d00000, 0x00000000e9e00000|  0%| F|  |TAMS 0x00000000e9d00000, 0x00000000e9d00000| Untracked 
| 158|0x00000000e9e00000, 0x00000000e9e00000, 0x00000000e9f00000|  0%| F|  |TAMS 0x00000000e9e00000, 0x00000000e9e00000| Untracked 
| 159|0x00000000e9f00000, 0x00000000e9f00000, 0x00000000ea000000|  0%| F|  |TAMS 0x00000000e9f00000, 0x00000000e9f00000| Untracked 
| 160|0x00000000ea000000, 0x00000000ea000000, 0x00000000ea100000|  0%| F|  |TAMS 0x00000000ea000000, 0x00000000ea000000| Untracked 
| 161|0x00000000ea100000, 0x00000000ea100000, 0x00000000ea200000|  0%| F|  |TAMS 0x00000000ea100000, 0x00000000ea100000| Untracked 
| 162|0x00000000ea200000, 0x00000000ea200000, 0x00000000ea300000|  0%| F|  |TAMS 0x00000000ea200000, 0x00000000ea200000| Untracked 
| 163|0x00000000ea300000, 0x00000000ea300000, 0x00000000ea400000|  0%| F|  |TAMS 0x00000000ea300000, 0x00000000ea300000| Untracked 
| 164|0x00000000ea400000, 0x00000000ea400000, 0x00000000ea500000|  0%| F|  |TAMS 0x00000000ea400000, 0x00000000ea400000| Untracked 
| 165|0x00000000ea500000, 0x00000000ea500000, 0x00000000ea600000|  0%| F|  |TAMS 0x00000000ea500000, 0x00000000ea500000| Untracked 
| 166|0x00000000ea600000, 0x00000000ea600000, 0x00000000ea700000|  0%| F|  |TAMS 0x00000000ea600000, 0x00000000ea600000| Untracked 
| 167|0x00000000ea700000, 0x00000000ea700000, 0x00000000ea800000|  0%| F|  |TAMS 0x00000000ea700000, 0x00000000ea700000| Untracked 
| 168|0x00000000ea800000, 0x00000000ea800000, 0x00000000ea900000|  0%| F|  |TAMS 0x00000000ea800000, 0x00000000ea800000| Untracked 
| 169|0x00000000ea900000, 0x00000000ea900000, 0x00000000eaa00000|  0%| F|  |TAMS 0x00000000ea900000, 0x00000000ea900000| Untracked 
| 170|0x00000000eaa00000, 0x00000000eaa00000, 0x00000000eab00000|  0%| F|  |TAMS 0x00000000eaa00000, 0x00000000eaa00000| Untracked 
| 171|0x00000000eab00000, 0x00000000eab00000, 0x00000000eac00000|  0%| F|  |TAMS 0x00000000eab00000, 0x00000000eab00000| Untracked 
| 172|0x00000000eac00000, 0x00000000eac00000, 0x00000000ead00000|  0%| F|  |TAMS 0x00000000eac00000, 0x00000000eac00000| Untracked 
| 173|0x00000000ead00000, 0x00000000ead00000, 0x00000000eae00000|  0%| F|  |TAMS 0x00000000ead00000, 0x00000000ead00000| Untracked 
| 174|0x00000000eae00000, 0x00000000eae00000, 0x00000000eaf00000|  0%| F|  |TAMS 0x00000000eae00000, 0x00000000eae00000| Untracked 
| 175|0x00000000eaf00000, 0x00000000eaf00000, 0x00000000eb000000|  0%| F|  |TAMS 0x00000000eaf00000, 0x00000000eaf00000| Untracked 
| 176|0x00000000eb000000, 0x00000000eb100000, 0x00000000eb100000|100%| E|  |TAMS 0x00000000eb000000, 0x00000000eb000000| Complete 
| 177|0x00000000eb100000, 0x00000000eb200000, 0x00000000eb200000|100%| E|CS|TAMS 0x00000000eb100000, 0x00000000eb100000| Complete 
| 178|0x00000000eb200000, 0x00000000eb300000, 0x00000000eb300000|100%| E|CS|TAMS 0x00000000eb200000, 0x00000000eb200000| Complete 
| 179|0x00000000eb300000, 0x00000000eb400000, 0x00000000eb400000|100%| E|CS|TAMS 0x00000000eb300000, 0x00000000eb300000| Complete 
| 180|0x00000000eb400000, 0x00000000eb500000, 0x00000000eb500000|100%| E|CS|TAMS 0x00000000eb400000, 0x00000000eb400000| Complete 
| 181|0x00000000eb500000, 0x00000000eb600000, 0x00000000eb600000|100%| E|CS|TAMS 0x00000000eb500000, 0x00000000eb500000| Complete 
| 182|0x00000000eb600000, 0x00000000eb700000, 0x00000000eb700000|100%| E|CS|TAMS 0x00000000eb600000, 0x00000000eb600000| Complete 
| 183|0x00000000eb700000, 0x00000000eb800000, 0x00000000eb800000|100%| E|CS|TAMS 0x00000000eb700000, 0x00000000eb700000| Complete 
| 184|0x00000000eb800000, 0x00000000eb900000, 0x00000000eb900000|100%| E|CS|TAMS 0x00000000eb800000, 0x00000000eb800000| Complete 
| 185|0x00000000eb900000, 0x00000000eba00000, 0x00000000eba00000|100%| E|CS|TAMS 0x00000000eb900000, 0x00000000eb900000| Complete 
| 186|0x00000000eba00000, 0x00000000ebb00000, 0x00000000ebb00000|100%| E|CS|TAMS 0x00000000eba00000, 0x00000000eba00000| Complete 
| 187|0x00000000ebb00000, 0x00000000ebc00000, 0x00000000ebc00000|100%| E|CS|TAMS 0x00000000ebb00000, 0x00000000ebb00000| Complete 
| 188|0x00000000ebc00000, 0x00000000ebd00000, 0x00000000ebd00000|100%| E|CS|TAMS 0x00000000ebc00000, 0x00000000ebc00000| Complete 
| 189|0x00000000ebd00000, 0x00000000ebe00000, 0x00000000ebe00000|100%| E|CS|TAMS 0x00000000ebd00000, 0x00000000ebd00000| Complete 
| 190|0x00000000ebe00000, 0x00000000ebf00000, 0x00000000ebf00000|100%| E|CS|TAMS 0x00000000ebe00000, 0x00000000ebe00000| Complete 
| 191|0x00000000ebf00000, 0x00000000ec000000, 0x00000000ec000000|100%| E|CS|TAMS 0x00000000ebf00000, 0x00000000ebf00000| Complete 
| 192|0x00000000ec000000, 0x00000000ec100000, 0x00000000ec100000|100%| E|CS|TAMS 0x00000000ec000000, 0x00000000ec000000| Complete 
| 193|0x00000000ec100000, 0x00000000ec200000, 0x00000000ec200000|100%| E|CS|TAMS 0x00000000ec100000, 0x00000000ec100000| Complete 
| 194|0x00000000ec200000, 0x00000000ec300000, 0x00000000ec300000|100%| E|CS|TAMS 0x00000000ec200000, 0x00000000ec200000| Complete 
| 195|0x00000000ec300000, 0x00000000ec400000, 0x00000000ec400000|100%| E|CS|TAMS 0x00000000ec300000, 0x00000000ec300000| Complete 
| 196|0x00000000ec400000, 0x00000000ec500000, 0x00000000ec500000|100%| E|CS|TAMS 0x00000000ec400000, 0x00000000ec400000| Complete 
| 197|0x00000000ec500000, 0x00000000ec600000, 0x00000000ec600000|100%| E|CS|TAMS 0x00000000ec500000, 0x00000000ec500000| Complete 
| 198|0x00000000ec600000, 0x00000000ec700000, 0x00000000ec700000|100%| E|CS|TAMS 0x00000000ec600000, 0x00000000ec600000| Complete 
| 199|0x00000000ec700000, 0x00000000ec800000, 0x00000000ec800000|100%| E|CS|TAMS 0x00000000ec700000, 0x00000000ec700000| Complete 
| 200|0x00000000ec800000, 0x00000000ec900000, 0x00000000ec900000|100%| E|CS|TAMS 0x00000000ec800000, 0x00000000ec800000| Complete 
| 201|0x00000000ec900000, 0x00000000eca00000, 0x00000000eca00000|100%| E|CS|TAMS 0x00000000ec900000, 0x00000000ec900000| Complete 
| 202|0x00000000eca00000, 0x00000000ecb00000, 0x00000000ecb00000|100%| E|CS|TAMS 0x00000000eca00000, 0x00000000eca00000| Complete 
| 203|0x00000000ecb00000, 0x00000000ecc00000, 0x00000000ecc00000|100%| E|CS|TAMS 0x00000000ecb00000, 0x00000000ecb00000| Complete 
| 204|0x00000000ecc00000, 0x00000000ecd00000, 0x00000000ecd00000|100%| E|CS|TAMS 0x00000000ecc00000, 0x00000000ecc00000| Complete 
| 205|0x00000000ecd00000, 0x00000000ece00000, 0x00000000ece00000|100%| E|CS|TAMS 0x00000000ecd00000, 0x00000000ecd00000| Complete 
| 206|0x00000000ece00000, 0x00000000ecf00000, 0x00000000ecf00000|100%| E|CS|TAMS 0x00000000ece00000, 0x00000000ece00000| Complete 
| 207|0x00000000ecf00000, 0x00000000ed000000, 0x00000000ed000000|100%| E|CS|TAMS 0x00000000ecf00000, 0x00000000ecf00000| Complete 
| 208|0x00000000ed000000, 0x00000000ed100000, 0x00000000ed100000|100%| E|CS|TAMS 0x00000000ed000000, 0x00000000ed000000| Complete 
| 209|0x00000000ed100000, 0x00000000ed200000, 0x00000000ed200000|100%| E|CS|TAMS 0x00000000ed100000, 0x00000000ed100000| Complete 
| 210|0x00000000ed200000, 0x00000000ed300000, 0x00000000ed300000|100%| E|CS|TAMS 0x00000000ed200000, 0x00000000ed200000| Complete 
| 211|0x00000000ed300000, 0x00000000ed400000, 0x00000000ed400000|100%| E|CS|TAMS 0x00000000ed300000, 0x00000000ed300000| Complete 
| 212|0x00000000ed400000, 0x00000000ed500000, 0x00000000ed500000|100%| E|CS|TAMS 0x00000000ed400000, 0x00000000ed400000| Complete 
| 213|0x00000000ed500000, 0x00000000ed600000, 0x00000000ed600000|100%| E|CS|TAMS 0x00000000ed500000, 0x00000000ed500000| Complete 
| 214|0x00000000ed600000, 0x00000000ed700000, 0x00000000ed700000|100%| E|CS|TAMS 0x00000000ed600000, 0x00000000ed600000| Complete 
| 215|0x00000000ed700000, 0x00000000ed800000, 0x00000000ed800000|100%| E|CS|TAMS 0x00000000ed700000, 0x00000000ed700000| Complete 
| 216|0x00000000ed800000, 0x00000000ed900000, 0x00000000ed900000|100%| E|CS|TAMS 0x00000000ed800000, 0x00000000ed800000| Complete 
| 217|0x00000000ed900000, 0x00000000eda00000, 0x00000000eda00000|100%| E|CS|TAMS 0x00000000ed900000, 0x00000000ed900000| Complete 
| 218|0x00000000eda00000, 0x00000000edb00000, 0x00000000edb00000|100%| E|CS|TAMS 0x00000000eda00000, 0x00000000eda00000| Complete 
| 219|0x00000000edb00000, 0x00000000edc00000, 0x00000000edc00000|100%| E|CS|TAMS 0x00000000edb00000, 0x00000000edb00000| Complete 
| 220|0x00000000edc00000, 0x00000000edd00000, 0x00000000edd00000|100%| E|CS|TAMS 0x00000000edc00000, 0x00000000edc00000| Complete 
| 221|0x00000000edd00000, 0x00000000ede00000, 0x00000000ede00000|100%| E|CS|TAMS 0x00000000edd00000, 0x00000000edd00000| Complete 
| 222|0x00000000ede00000, 0x00000000edf00000, 0x00000000edf00000|100%| E|CS|TAMS 0x00000000ede00000, 0x00000000ede00000| Complete 
| 223|0x00000000edf00000, 0x00000000ee000000, 0x00000000ee000000|100%| E|CS|TAMS 0x00000000edf00000, 0x00000000edf00000| Complete 
| 224|0x00000000ee000000, 0x00000000ee100000, 0x00000000ee100000|100%| E|CS|TAMS 0x00000000ee000000, 0x00000000ee000000| Complete 
| 225|0x00000000ee100000, 0x00000000ee200000, 0x00000000ee200000|100%| E|CS|TAMS 0x00000000ee100000, 0x00000000ee100000| Complete 
| 226|0x00000000ee200000, 0x00000000ee300000, 0x00000000ee300000|100%| E|CS|TAMS 0x00000000ee200000, 0x00000000ee200000| Complete 
| 227|0x00000000ee300000, 0x00000000ee400000, 0x00000000ee400000|100%| E|CS|TAMS 0x00000000ee300000, 0x00000000ee300000| Complete 
| 228|0x00000000ee400000, 0x00000000ee500000, 0x00000000ee500000|100%| E|CS|TAMS 0x00000000ee400000, 0x00000000ee400000| Complete 
| 229|0x00000000ee500000, 0x00000000ee600000, 0x00000000ee600000|100%| E|CS|TAMS 0x00000000ee500000, 0x00000000ee500000| Complete 
| 230|0x00000000ee600000, 0x00000000ee700000, 0x00000000ee700000|100%| E|CS|TAMS 0x00000000ee600000, 0x00000000ee600000| Complete 
| 231|0x00000000ee700000, 0x00000000ee800000, 0x00000000ee800000|100%| E|CS|TAMS 0x00000000ee700000, 0x00000000ee700000| Complete 
| 232|0x00000000ee800000, 0x00000000ee900000, 0x00000000ee900000|100%| E|CS|TAMS 0x00000000ee800000, 0x00000000ee800000| Complete 
| 233|0x00000000ee900000, 0x00000000eea00000, 0x00000000eea00000|100%| E|CS|TAMS 0x00000000ee900000, 0x00000000ee900000| Complete 
| 234|0x00000000eea00000, 0x00000000eeb00000, 0x00000000eeb00000|100%| E|CS|TAMS 0x00000000eea00000, 0x00000000eea00000| Complete 
| 235|0x00000000eeb00000, 0x00000000eec00000, 0x00000000eec00000|100%| E|CS|TAMS 0x00000000eeb00000, 0x00000000eeb00000| Complete 
| 236|0x00000000eec00000, 0x00000000eed00000, 0x00000000eed00000|100%| E|CS|TAMS 0x00000000eec00000, 0x00000000eec00000| Complete 
| 237|0x00000000eed00000, 0x00000000eee00000, 0x00000000eee00000|100%| E|CS|TAMS 0x00000000eed00000, 0x00000000eed00000| Complete 
| 238|0x00000000eee00000, 0x00000000eef00000, 0x00000000eef00000|100%| E|CS|TAMS 0x00000000eee00000, 0x00000000eee00000| Complete 
| 239|0x00000000eef00000, 0x00000000ef000000, 0x00000000ef000000|100%| E|CS|TAMS 0x00000000eef00000, 0x00000000eef00000| Complete 
| 240|0x00000000ef000000, 0x00000000ef100000, 0x00000000ef100000|100%| E|CS|TAMS 0x00000000ef000000, 0x00000000ef000000| Complete 
| 241|0x00000000ef100000, 0x00000000ef200000, 0x00000000ef200000|100%| E|CS|TAMS 0x00000000ef100000, 0x00000000ef100000| Complete 
| 242|0x00000000ef200000, 0x00000000ef300000, 0x00000000ef300000|100%| E|CS|TAMS 0x00000000ef200000, 0x00000000ef200000| Complete 
| 243|0x00000000ef300000, 0x00000000ef400000, 0x00000000ef400000|100%| E|CS|TAMS 0x00000000ef300000, 0x00000000ef300000| Complete 
| 244|0x00000000ef400000, 0x00000000ef500000, 0x00000000ef500000|100%| E|CS|TAMS 0x00000000ef400000, 0x00000000ef400000| Complete 
| 245|0x00000000ef500000, 0x00000000ef600000, 0x00000000ef600000|100%| E|CS|TAMS 0x00000000ef500000, 0x00000000ef500000| Complete 
| 246|0x00000000ef600000, 0x00000000ef700000, 0x00000000ef700000|100%| E|CS|TAMS 0x00000000ef600000, 0x00000000ef600000| Complete 
| 247|0x00000000ef700000, 0x00000000ef800000, 0x00000000ef800000|100%| E|CS|TAMS 0x00000000ef700000, 0x00000000ef700000| Complete 
| 248|0x00000000ef800000, 0x00000000ef900000, 0x00000000ef900000|100%| E|CS|TAMS 0x00000000ef800000, 0x00000000ef800000| Complete 
| 249|0x00000000ef900000, 0x00000000efa00000, 0x00000000efa00000|100%| E|CS|TAMS 0x00000000ef900000, 0x00000000ef900000| Complete 
| 250|0x00000000efa00000, 0x00000000efb00000, 0x00000000efb00000|100%| E|CS|TAMS 0x00000000efa00000, 0x00000000efa00000| Complete 
| 251|0x00000000efb00000, 0x00000000efc00000, 0x00000000efc00000|100%| E|CS|TAMS 0x00000000efb00000, 0x00000000efb00000| Complete 
| 252|0x00000000efc00000, 0x00000000efd00000, 0x00000000efd00000|100%| E|CS|TAMS 0x00000000efc00000, 0x00000000efc00000| Complete 
| 253|0x00000000efd00000, 0x00000000efe00000, 0x00000000efe00000|100%| E|CS|TAMS 0x00000000efd00000, 0x00000000efd00000| Complete 
| 254|0x00000000efe00000, 0x00000000eff00000, 0x00000000eff00000|100%| E|CS|TAMS 0x00000000efe00000, 0x00000000efe00000| Complete 
| 255|0x00000000eff00000, 0x00000000f0000000, 0x00000000f0000000|100%| E|CS|TAMS 0x00000000eff00000, 0x00000000eff00000| Complete 

Card table byte_map: [0x00000133b4180000,0x00000133b4280000] _byte_map_base: 0x00000133b3a80000

Marking Bits (Prev, Next): (CMBitMap*) 0x000001339d4d19e0, (CMBitMap*) 0x000001339d4d19a0
 Prev Bits: [0x00000133b4b80000, 0x00000133b5380000)
 Next Bits: [0x00000133b4380000, 0x00000133b4b80000)

Polling page: 0x000001339b470000

Metaspace:

Usage:
  Non-class:     52.40 MB used.
      Class:      8.44 MB used.
       Both:     60.84 MB used.

Virtual space:
  Non-class space:       64.00 MB reserved,      52.75 MB ( 82%) committed,  1 nodes.
      Class space:      320.00 MB reserved,       8.75 MB (  3%) committed,  1 nodes.
             Both:      384.00 MB reserved,      61.50 MB ( 16%) committed. 

Chunk freelists:
   Non-Class:  10.86 MB
       Class:  7.29 MB
        Both:  18.15 MB

MaxMetaspaceSize: 384.00 MB
CompressedClassSpaceSize: 320.00 MB
Initial GC threshold: 21.00 MB
Current GC threshold: 99.00 MB
CDS: on
MetaspaceReclaimPolicy: balanced
 - commit_granule_bytes: 65536.
 - commit_granule_words: 8192.
 - virtual_space_node_default_size: 8388608.
 - enlarge_chunks_in_place: 1.
 - new_chunks_are_fully_committed: 0.
 - uncommit_free_chunks: 1.
 - use_allocation_guard: 0.
 - handle_deallocations: 1.


Internal statistics:

num_allocs_failed_limit: 12.
num_arena_births: 658.
num_arena_deaths: 6.
num_vsnodes_births: 2.
num_vsnodes_deaths: 0.
num_space_committed: 984.
num_space_uncommitted: 0.
num_chunks_returned_to_freelist: 19.
num_chunks_taken_from_freelist: 3006.
num_chunk_merges: 9.
num_chunk_splits: 1978.
num_chunks_enlarged: 1324.
num_inconsistent_stats: 0.

CodeHeap 'non-profiled nmethods': size=120000Kb used=5253Kb max_used=5253Kb free=114746Kb
 bounds [0x00000133ac820000, 0x00000133acd50000, 0x00000133b3d50000]
CodeHeap 'profiled nmethods': size=120000Kb used=14054Kb max_used=14054Kb free=105945Kb
 bounds [0x00000133a4d50000, 0x00000133a5b10000, 0x00000133ac280000]
CodeHeap 'non-nmethods': size=5760Kb used=2396Kb max_used=2454Kb free=3363Kb
 bounds [0x00000133ac280000, 0x00000133ac4f0000, 0x00000133ac820000]
 total_blobs=8441 nmethods=7529 adapters=824
 compilation: enabled
              stopped_count=0, restarted_count=0
 full_count=0

Compilation events (20 events):
Event: 69.235 Thread 0x00000133b7dd2fe0 8816       2       java.util.jar.JarFile::runtimeVersion (4 bytes)
Event: 69.235 Thread 0x00000133b7dd2fe0 nmethod 8816 0x00000133a5b01b90 code [0x00000133a5b01d20, 0x00000133a5b01e18]
Event: 69.241 Thread 0x00000133b7dd2fe0 8817       2       java.util.LinkedList$ListItr::hasPrevious (13 bytes)
Event: 69.241 Thread 0x00000133b7dd2fe0 nmethod 8817 0x00000133a5b01e90 code [0x00000133a5b02020, 0x00000133a5b02138]
Event: 69.246 Thread 0x00000133b7dd2fe0 8818       2       org.codehaus.groovy.reflection.ParameterTypes::<init> (5 bytes)
Event: 69.247 Thread 0x00000133b7dd2fe0 nmethod 8818 0x00000133a5b02210 code [0x00000133a5b023a0, 0x00000133a5b02498]
Event: 69.247 Thread 0x00000133b7dd2fe0 8819       3       java.util.WeakHashMap::matchesKey (33 bytes)
Event: 69.248 Thread 0x00000133b7dd2fe0 nmethod 8819 0x00000133a5b02510 code [0x00000133a5b026e0, 0x00000133a5b02c18]
Event: 69.249 Thread 0x00000133b7dd2fe0 8820       2       org.codehaus.groovy.reflection.ClassInfo$LazyCachedClassRef::initValue (5 bytes)
Event: 69.249 Thread 0x00000133b7dd2fe0 nmethod 8820 0x00000133a5b02d90 code [0x00000133a5b02f40, 0x00000133a5b030c8]
Event: 69.249 Thread 0x00000133b7dd2fe0 8821       2       org.codehaus.groovy.reflection.ClassInfo$LazyCachedClassRef::initValue (21 bytes)
Event: 69.250 Thread 0x00000133b7dd2fe0 nmethod 8821 0x00000133a5b03210 code [0x00000133a5b033c0, 0x00000133a5b03548]
Event: 69.250 Thread 0x00000133b7dd2fe0 8822       2       org.codehaus.groovy.reflection.ClassInfo::access$300 (6 bytes)
Event: 69.250 Thread 0x00000133b7dd2fe0 nmethod 8822 0x00000133a5b03690 code [0x00000133a5b03820, 0x00000133a5b03928]
Event: 69.257 Thread 0x00000133b7dd2fe0 8823       2       java.util.WeakHashMap::put (160 bytes)
Event: 69.258 Thread 0x00000133b7dd2fe0 nmethod 8823 0x00000133a5b03a10 code [0x00000133a5b03c20, 0x00000133a5b04368]
Event: 69.267 Thread 0x00000133b7dd2fe0 8824       2       org.codehaus.groovy.reflection.ClassInfo::getWeakMetaClass (21 bytes)
Event: 69.267 Thread 0x00000133b7dd2fe0 nmethod 8824 0x00000133a5b04610 code [0x00000133a5b047c0, 0x00000133a5b04968]
Event: 69.267 Thread 0x00000133b7dd2fe0 8825       2       org.codehaus.groovy.reflection.ClassInfo::isValidWeakMetaClass (30 bytes)
Event: 69.267 Thread 0x00000133b7dd2fe0 nmethod 8825 0x00000133a5b04a90 code [0x00000133a5b04c20, 0x00000133a5b04df8]

GC Heap History (20 events):
Event: 41.230 GC heap before
{Heap before GC invocations=23 (full 0):
 garbage-first heap   total 262144K, used 216360K [0x00000000e0000000, 0x0000000100000000)
  region size 1024K, 153 young (156672K), 11 survivors (11264K)
 Metaspace       used 39015K, committed 39424K, reserved 393216K
  class space    used 5390K, committed 5568K, reserved 327680K
}
Event: 41.238 GC heap after
{Heap after GC invocations=24 (full 0):
 garbage-first heap   total 262144K, used 72177K [0x00000000e0000000, 0x0000000100000000)
  region size 1024K, 12 young (12288K), 12 survivors (12288K)
 Metaspace       used 39015K, committed 39424K, reserved 393216K
  class space    used 5390K, committed 5568K, reserved 327680K
}
Event: 42.308 GC heap before
{Heap before GC invocations=24 (full 0):
 garbage-first heap   total 262144K, used 216561K [0x00000000e0000000, 0x0000000100000000)
  region size 1024K, 153 young (156672K), 12 survivors (12288K)
 Metaspace       used 39016K, committed 39424K, reserved 393216K
  class space    used 5390K, committed 5568K, reserved 327680K
}
Event: 42.320 GC heap after
{Heap after GC invocations=25 (full 0):
 garbage-first heap   total 262144K, used 70610K [0x00000000e0000000, 0x0000000100000000)
  region size 1024K, 12 young (12288K), 12 survivors (12288K)
 Metaspace       used 39016K, committed 39424K, reserved 393216K
  class space    used 5390K, committed 5568K, reserved 327680K
}
Event: 43.895 GC heap before
{Heap before GC invocations=25 (full 0):
 garbage-first heap   total 262144K, used 214994K [0x00000000e0000000, 0x0000000100000000)
  region size 1024K, 153 young (156672K), 12 survivors (12288K)
 Metaspace       used 39017K, committed 39424K, reserved 393216K
  class space    used 5390K, committed 5568K, reserved 327680K
}
Event: 43.908 GC heap after
{Heap after GC invocations=26 (full 0):
 garbage-first heap   total 262144K, used 67372K [0x00000000e0000000, 0x0000000100000000)
  region size 1024K, 8 young (8192K), 8 survivors (8192K)
 Metaspace       used 39017K, committed 39424K, reserved 393216K
  class space    used 5390K, committed 5568K, reserved 327680K
}
Event: 45.841 GC heap before
{Heap before GC invocations=26 (full 0):
 garbage-first heap   total 262144K, used 215852K [0x00000000e0000000, 0x0000000100000000)
  region size 1024K, 153 young (156672K), 8 survivors (8192K)
 Metaspace       used 39018K, committed 39424K, reserved 393216K
  class space    used 5390K, committed 5568K, reserved 327680K
}
Event: 45.851 GC heap after
{Heap after GC invocations=27 (full 0):
 garbage-first heap   total 262144K, used 68148K [0x00000000e0000000, 0x0000000100000000)
  region size 1024K, 8 young (8192K), 8 survivors (8192K)
 Metaspace       used 39018K, committed 39424K, reserved 393216K
  class space    used 5390K, committed 5568K, reserved 327680K
}
Event: 48.724 GC heap before
{Heap before GC invocations=27 (full 0):
 garbage-first heap   total 262144K, used 216628K [0x00000000e0000000, 0x0000000100000000)
  region size 1024K, 153 young (156672K), 8 survivors (8192K)
 Metaspace       used 39018K, committed 39424K, reserved 393216K
  class space    used 5390K, committed 5568K, reserved 327680K
}
Event: 48.737 GC heap after
{Heap after GC invocations=28 (full 0):
 garbage-first heap   total 262144K, used 69721K [0x00000000e0000000, 0x0000000100000000)
  region size 1024K, 10 young (10240K), 10 survivors (10240K)
 Metaspace       used 39018K, committed 39424K, reserved 393216K
  class space    used 5390K, committed 5568K, reserved 327680K
}
Event: 51.136 GC heap before
{Heap before GC invocations=28 (full 0):
 garbage-first heap   total 262144K, used 216153K [0x00000000e0000000, 0x0000000100000000)
  region size 1024K, 153 young (156672K), 10 survivors (10240K)
 Metaspace       used 39020K, committed 39424K, reserved 393216K
  class space    used 5390K, committed 5568K, reserved 327680K
}
Event: 51.147 GC heap after
{Heap after GC invocations=29 (full 0):
 garbage-first heap   total 262144K, used 70401K [0x00000000e0000000, 0x0000000100000000)
  region size 1024K, 11 young (11264K), 11 survivors (11264K)
 Metaspace       used 39020K, committed 39424K, reserved 393216K
  class space    used 5390K, committed 5568K, reserved 327680K
}
Event: 53.378 GC heap before
{Heap before GC invocations=29 (full 0):
 garbage-first heap   total 262144K, used 215809K [0x00000000e0000000, 0x0000000100000000)
  region size 1024K, 153 young (156672K), 11 survivors (11264K)
 Metaspace       used 39020K, committed 39424K, reserved 393216K
  class space    used 5390K, committed 5568K, reserved 327680K
}
Event: 53.392 GC heap after
{Heap after GC invocations=30 (full 0):
 garbage-first heap   total 262144K, used 72145K [0x00000000e0000000, 0x0000000100000000)
  region size 1024K, 12 young (12288K), 12 survivors (12288K)
 Metaspace       used 39020K, committed 39424K, reserved 393216K
  class space    used 5390K, committed 5568K, reserved 327680K
}
Event: 54.763 GC heap before
{Heap before GC invocations=30 (full 0):
 garbage-first heap   total 262144K, used 216529K [0x00000000e0000000, 0x0000000100000000)
  region size 1024K, 153 young (156672K), 12 survivors (12288K)
 Metaspace       used 39031K, committed 39424K, reserved 393216K
  class space    used 5390K, committed 5568K, reserved 327680K
}
Event: 54.773 GC heap after
{Heap after GC invocations=31 (full 0):
 garbage-first heap   total 262144K, used 68641K [0x00000000e0000000, 0x0000000100000000)
  region size 1024K, 13 young (13312K), 13 survivors (13312K)
 Metaspace       used 39031K, committed 39424K, reserved 393216K
  class space    used 5390K, committed 5568K, reserved 327680K
}
Event: 59.737 GC heap before
{Heap before GC invocations=31 (full 0):
 garbage-first heap   total 262144K, used 218145K [0x00000000e0000000, 0x0000000100000000)
  region size 1024K, 153 young (156672K), 13 survivors (13312K)
 Metaspace       used 47208K, committed 47680K, reserved 393216K
  class space    used 6598K, committed 6848K, reserved 327680K
}
Event: 59.754 GC heap after
{Heap after GC invocations=32 (full 0):
 garbage-first heap   total 262144K, used 72897K [0x00000000e0000000, 0x0000000100000000)
  region size 1024K, 11 young (11264K), 11 survivors (11264K)
 Metaspace       used 47208K, committed 47680K, reserved 393216K
  class space    used 6598K, committed 6848K, reserved 327680K
}
Event: 66.927 GC heap before
{Heap before GC invocations=32 (full 0):
 garbage-first heap   total 262144K, used 195777K [0x00000000e0000000, 0x0000000100000000)
  region size 1024K, 132 young (135168K), 11 survivors (11264K)
 Metaspace       used 60048K, committed 60608K, reserved 393216K
  class space    used 8315K, committed 8576K, reserved 327680K
}
Event: 66.960 GC heap after
{Heap after GC invocations=33 (full 0):
 garbage-first heap   total 262144K, used 79006K [0x00000000e0000000, 0x0000000100000000)
  region size 1024K, 17 young (17408K), 17 survivors (17408K)
 Metaspace       used 60048K, committed 60608K, reserved 393216K
  class space    used 8315K, committed 8576K, reserved 327680K
}

Deoptimization events (20 events):
Event: 68.916 Thread 0x00000133d2b939a0 Uncommon trap: trap_request=0xffffffde fr.pc=0x00000133acb85ac4 relative=0x0000000000000304
Event: 68.916 Thread 0x00000133d2b939a0 Uncommon trap: reason=class_check action=maybe_recompile pc=0x00000133acb85ac4 method=java.util.stream.IntPipeline$10$1.accept(I)V @ 21 c2
Event: 68.916 Thread 0x00000133d2b939a0 DEOPT PACKING pc=0x00000133acb85ac4 sp=0x0000000211ff5da0
Event: 68.916 Thread 0x00000133d2b939a0 DEOPT UNPACKING pc=0x00000133ac2d5ba3 sp=0x0000000211ff5d58 mode 2
Event: 68.916 Thread 0x00000133d2b939a0 Uncommon trap: trap_request=0xffffffde fr.pc=0x00000133acb85ac4 relative=0x0000000000000304
Event: 68.916 Thread 0x00000133d2b939a0 Uncommon trap: reason=class_check action=maybe_recompile pc=0x00000133acb85ac4 method=java.util.stream.IntPipeline$10$1.accept(I)V @ 21 c2
Event: 68.916 Thread 0x00000133d2b939a0 DEOPT PACKING pc=0x00000133acb85ac4 sp=0x0000000211ff5e10
Event: 68.916 Thread 0x00000133d2b939a0 DEOPT UNPACKING pc=0x00000133ac2d5ba3 sp=0x0000000211ff5dc8 mode 2
Event: 68.949 Thread 0x00000133d2b939a0 DEOPT PACKING pc=0x00000133a4f1f8d9 sp=0x0000000211ff6990
Event: 68.949 Thread 0x00000133d2b939a0 DEOPT UNPACKING pc=0x00000133ac2d66e3 sp=0x0000000211ff5e88 mode 0
Event: 69.005 Thread 0x00000133d2b939a0 DEOPT PACKING pc=0x00000133a5783fa1 sp=0x0000000211ff7400
Event: 69.005 Thread 0x00000133d2b939a0 DEOPT UNPACKING pc=0x00000133ac2d66e3 sp=0x0000000211ff6910 mode 0
Event: 69.121 Thread 0x00000133d2b939a0 Uncommon trap: trap_request=0xffffffc6 fr.pc=0x00000133ac842b5c relative=0x0000000000000dbc
Event: 69.121 Thread 0x00000133d2b939a0 Uncommon trap: reason=bimorphic_or_optimized_type_check action=maybe_recompile pc=0x00000133ac842b5c method=java.nio.charset.CharsetEncoder.replaceWith([B)Ljava/nio/charset/CharsetEncoder; @ 53 c2
Event: 69.121 Thread 0x00000133d2b939a0 DEOPT PACKING pc=0x00000133ac842b5c sp=0x0000000211ff8390
Event: 69.121 Thread 0x00000133d2b939a0 DEOPT UNPACKING pc=0x00000133ac2d5ba3 sp=0x0000000211ff8380 mode 2
Event: 69.122 Thread 0x00000133d2b939a0 Uncommon trap: trap_request=0xffffffc6 fr.pc=0x00000133ac8b3850 relative=0x0000000000000270
Event: 69.122 Thread 0x00000133d2b939a0 Uncommon trap: reason=bimorphic_or_optimized_type_check action=maybe_recompile pc=0x00000133ac8b3850 method=java.nio.charset.CharsetEncoder.encode(Ljava/nio/CharBuffer;Ljava/nio/ByteBuffer;Z)Ljava/nio/charset/CoderResult; @ 57 c2
Event: 69.122 Thread 0x00000133d2b939a0 DEOPT PACKING pc=0x00000133ac8b3850 sp=0x0000000211ff8370
Event: 69.122 Thread 0x00000133d2b939a0 DEOPT UNPACKING pc=0x00000133ac2d5ba3 sp=0x0000000211ff8318 mode 2

Classes unloaded (3 events):
Event: 26.256 Thread 0x00000133b7d905a0 Unloading class 0x00000133b9365800 'java/lang/invoke/LambdaForm$MH+0x00000133b9365800'
Event: 26.257 Thread 0x00000133b7d905a0 Unloading class 0x00000133b9365000 'java/lang/invoke/LambdaForm$DMH+0x00000133b9365000'
Event: 26.257 Thread 0x00000133b7d905a0 Unloading class 0x00000133b9364400 'java/lang/invoke/LambdaForm$DMH+0x00000133b9364400'

Classes redefined (0 events):
No events

Internal exceptions (20 events):
Event: 68.582 Thread 0x00000133d2b939a0 Exception <a 'java/lang/ClassNotFoundException'{0x00000000ed9466d8}: org/gradle/api/internal/tasks/DefaultTaskContainer$TaskCreatingProviderBeanInfo> (0x00000000ed9466d8) 
thrown [s\open\src\hotspot\share\classfile\systemDictionary.cpp, line 256]
Event: 68.583 Thread 0x00000133d2b939a0 Exception <a 'java/lang/ClassNotFoundException'{0x00000000ed95b4d0}: org/gradle/api/internal/DefaultNamedDomainObjectCollection$AbstractDomainObjectCreatingProviderBeanInfo> (0x00000000ed95b4d0) 
thrown [s\open\src\hotspot\share\classfile\systemDictionary.cpp, line 256]
Event: 68.584 Thread 0x00000133d2b939a0 Exception <a 'java/lang/ClassNotFoundException'{0x00000000ed9709c8}: org/gradle/api/internal/DefaultNamedDomainObjectCollection$AbstractNamedDomainObjectProviderBeanInfo> (0x00000000ed9709c8) 
thrown [s\open\src\hotspot\share\classfile\systemDictionary.cpp, line 256]
Event: 68.585 Thread 0x00000133d2b939a0 Exception <a 'java/lang/ClassNotFoundException'{0x00000000ed986730}: org/gradle/api/internal/provider/AbstractMinimalProviderBeanInfo> (0x00000000ed986730) 
thrown [s\open\src\hotspot\share\classfile\systemDictionary.cpp, line 256]
Event: 68.587 Thread 0x00000133d2b939a0 Exception <a 'java/lang/ClassNotFoundException'{0x00000000ed99b978}: org/gradle/api/internal/provider/AbstractMinimalProviderCustomizer> (0x00000000ed99b978) 
thrown [s\open\src\hotspot\share\classfile\systemDictionary.cpp, line 256]
Event: 68.590 Thread 0x00000133d2b939a0 Exception <a 'java/lang/ClassNotFoundException'{0x00000000ed9caec8}: org/gradle/api/internal/DefaultNamedDomainObjectCollection$AbstractNamedDomainObjectProviderCustomizer> (0x00000000ed9caec8) 
thrown [s\open\src\hotspot\share\classfile\systemDictionary.cpp, line 256]
Event: 68.592 Thread 0x00000133d2b939a0 Exception <a 'java/lang/ClassNotFoundException'{0x00000000ed9f2198}: org/gradle/api/internal/DefaultNamedDomainObjectCollection$AbstractDomainObjectCreatingProviderCustomizer> (0x00000000ed9f2198) 
thrown [s\open\src\hotspot\share\classfile\systemDictionary.cpp, line 256]
Event: 68.594 Thread 0x00000133d2b939a0 Exception <a 'java/lang/ClassNotFoundException'{0x00000000ed811768}: org/gradle/api/internal/tasks/DefaultTaskContainer$TaskCreatingProviderCustomizer> (0x00000000ed811768) 
thrown [s\open\src\hotspot\share\classfile\systemDictionary.cpp, line 256]
Event: 68.598 Thread 0x00000133d2b939a0 Exception <a 'java/lang/ClassNotFoundException'{0x00000000ed82d278}: org/gradle/api/internal/tasks/DefaultTaskContainer$TaskCreatingProvider_DecoratedCustomizer> (0x00000000ed82d278) 
thrown [s\open\src\hotspot\share\classfile\systemDictionary.cpp, line 256]
Event: 69.183 Thread 0x00000133d39340a0 Exception <a 'sun/nio/fs/WindowsException'{0x00000000eb633eb8}> (0x00000000eb633eb8) 
thrown [s\open\src\hotspot\share\prims\jni.cpp, line 516]
Event: 69.230 Thread 0x00000133d39340a0 Exception <a 'sun/nio/fs/WindowsException'{0x00000000eb5b30a0}> (0x00000000eb5b30a0) 
thrown [s\open\src\hotspot\share\prims\jni.cpp, line 516]
Event: 69.231 Thread 0x00000133d39340a0 Exception <a 'sun/nio/fs/WindowsException'{0x00000000eb5b3210}> (0x00000000eb5b3210) 
thrown [s\open\src\hotspot\share\prims\jni.cpp, line 516]
Event: 69.242 Thread 0x00000133d2b939a0 Exception <a 'java/lang/ClassNotFoundException'{0x00000000eb40e270}: build_5jnzfy91whpq7vok5qi433oxyBeanInfo> (0x00000000eb40e270) 
thrown [s\open\src\hotspot\share\classfile\systemDictionary.cpp, line 256]
Event: 69.242 Thread 0x00000133d2b939a0 Exception <a 'java/lang/ClassNotFoundException'{0x00000000eb415870}: build_5jnzfy91whpq7vok5qi433oxyCustomizer> (0x00000000eb415870) 
thrown [s\open\src\hotspot\share\classfile\systemDictionary.cpp, line 256]
Event: 69.251 Thread 0x00000133d2b939a0 Exception <a 'java/lang/ClassNotFoundException'{0x00000000eb471200}: org/gradle/api/plugins/internal/DefaultJavaPluginExtension_DecoratedBeanInfo> (0x00000000eb471200) 
thrown [s\open\src\hotspot\share\classfile\systemDictionary.cpp, line 256]
Event: 69.253 Thread 0x00000133d2b939a0 Exception <a 'java/lang/ClassNotFoundException'{0x00000000eb489948}: org/gradle/api/plugins/internal/DefaultJavaPluginExtensionBeanInfo> (0x00000000eb489948) 
thrown [s\open\src\hotspot\share\classfile\systemDictionary.cpp, line 256]
Event: 69.255 Thread 0x00000133d2b939a0 Exception <a 'java/lang/ClassNotFoundException'{0x00000000eb4a1e58}: org/gradle/api/plugins/internal/DefaultJavaPluginExtensionCustomizer> (0x00000000eb4a1e58) 
thrown [s\open\src\hotspot\share\classfile\systemDictionary.cpp, line 256]
Event: 69.260 Thread 0x00000133d2b939a0 Exception <a 'java/lang/ClassNotFoundException'{0x00000000eb4d5978}: org/gradle/api/plugins/internal/DefaultJavaPluginExtension_DecoratedCustomizer> (0x00000000eb4d5978) 
thrown [s\open\src\hotspot\share\classfile\systemDictionary.cpp, line 256]
Event: 69.275 Thread 0x00000133d2b939a0 Exception <a 'java/lang/ClassNotFoundException'{0x00000000eb340d88}: org/gradle/api/internal/plugins/NaggingBasePluginConventionBeanInfo> (0x00000000eb340d88) 
thrown [s\open\src\hotspot\share\classfile\systemDictionary.cpp, line 256]
Event: 69.277 Thread 0x00000133d2b939a0 Exception <a 'java/lang/ClassNotFoundException'{0x00000000eb356be8}: org/gradle/api/plugins/BasePluginConventionBeanInfo> (0x00000000eb356be8) 
thrown [s\open\src\hotspot\share\classfile\systemDictionary.cpp, line 256]

VM Operations (20 events):
Event: 65.915 Executing VM operation: Cleanup
Event: 65.916 Executing VM operation: Cleanup done
Event: 66.103 Executing VM operation: HandshakeAllThreads
Event: 66.103 Executing VM operation: HandshakeAllThreads done
Event: 66.122 Executing VM operation: ICBufferFull
Event: 66.122 Executing VM operation: ICBufferFull done
Event: 66.122 Executing VM operation: ICBufferFull
Event: 66.122 Executing VM operation: ICBufferFull done
Event: 66.927 Executing VM operation: CollectForMetadataAllocation
Event: 66.961 Executing VM operation: CollectForMetadataAllocation done
Event: 67.083 Executing VM operation: G1Concurrent
Event: 67.094 Executing VM operation: G1Concurrent done
Event: 67.120 Executing VM operation: G1Concurrent
Event: 67.121 Executing VM operation: G1Concurrent done
Event: 68.124 Executing VM operation: Cleanup
Event: 68.124 Executing VM operation: Cleanup done
Event: 68.970 Executing VM operation: ICBufferFull
Event: 68.970 Executing VM operation: ICBufferFull done
Event: 68.998 Executing VM operation: HandshakeAllThreads
Event: 68.998 Executing VM operation: HandshakeAllThreads done

Events (20 events):
Event: 68.426 loading class jdk/internal/ValueBased
Event: 68.426 loading class jdk/internal/ValueBased done
Event: 68.455 loading class java/util/ArrayListBeanInfo
Event: 68.455 loading class java/util/ArrayListBeanInfo done
Event: 68.456 loading class java/util/ArrayListBeanInfo
Event: 68.456 loading class java/util/ArrayListBeanInfo done
Event: 68.456 loading class java/util/AbstractListBeanInfo
Event: 68.456 loading class java/util/AbstractListBeanInfo done
Event: 68.457 loading class java/util/AbstractListBeanInfo
Event: 68.457 loading class java/util/AbstractListBeanInfo done
Event: 68.458 loading class java/util/AbstractListCustomizer
Event: 68.458 loading class java/util/AbstractListCustomizer done
Event: 68.458 loading class java/util/AbstractListCustomizer
Event: 68.458 loading class java/util/AbstractListCustomizer done
Event: 68.459 loading class java/util/ArrayListCustomizer
Event: 68.459 loading class java/util/ArrayListCustomizer done
Event: 68.460 loading class java/util/ArrayListCustomizer
Event: 68.460 loading class java/util/ArrayListCustomizer done
Event: 68.550 loading class sun/reflect/generics/tree/LongSignature
Event: 68.550 loading class sun/reflect/generics/tree/LongSignature done


Dynamic libraries:
0x00007ff783800000 - 0x00007ff783810000 	C:\Program Files\Java\jdk-17\bin\java.exe
0x00007ff8f19d0000 - 0x00007ff8f1be7000 	C:\WINDOWS\SYSTEM32\ntdll.dll
0x00007ff8ef730000 - 0x00007ff8ef7f4000 	C:\WINDOWS\System32\KERNEL32.DLL
0x00007ff8ef1b0000 - 0x00007ff8ef557000 	C:\WINDOWS\System32\KERNELBASE.dll
0x00007ff8eede0000 - 0x00007ff8eeef1000 	C:\WINDOWS\System32\ucrtbase.dll
0x00007ff8eba60000 - 0x00007ff8eba79000 	C:\Program Files\Java\jdk-17\bin\jli.dll
0x00007ff8f00e0000 - 0x00007ff8f0192000 	C:\WINDOWS\System32\ADVAPI32.dll
0x00007ff8f0870000 - 0x00007ff8f0917000 	C:\WINDOWS\System32\msvcrt.dll
0x00007ff8efbb0000 - 0x00007ff8efc58000 	C:\WINDOWS\System32\sechost.dll
0x00007ff8eedb0000 - 0x00007ff8eedd8000 	C:\WINDOWS\System32\bcrypt.dll
0x00007ff8f09b0000 - 0x00007ff8f0ac5000 	C:\WINDOWS\System32\RPCRT4.dll
0x00007ff8f1760000 - 0x00007ff8f190e000 	C:\WINDOWS\System32\USER32.dll
0x00007ff8eefa0000 - 0x00007ff8eefc6000 	C:\WINDOWS\System32\win32u.dll
0x00007ff8ef700000 - 0x00007ff8ef729000 	C:\WINDOWS\System32\GDI32.dll
0x00007ff8ef5e0000 - 0x00007ff8ef6f9000 	C:\WINDOWS\System32\gdi32full.dll
0x00007ff8eef00000 - 0x00007ff8eef9a000 	C:\WINDOWS\System32\msvcp_win.dll
0x00007ff8e99a0000 - 0x00007ff8e99bb000 	C:\Program Files\Java\jdk-17\bin\VCRUNTIME140.dll
0x00007ff8e0c40000 - 0x00007ff8e0ed3000 	C:\WINDOWS\WinSxS\amd64_microsoft.windows.common-controls_6595b64144ccf1df_6.0.22621.3527_none_270e469b73872a76\COMCTL32.dll
0x00007ff8e4010000 - 0x00007ff8e401a000 	C:\WINDOWS\SYSTEM32\VERSION.dll
0x00007ff8f0780000 - 0x00007ff8f07b1000 	C:\WINDOWS\System32\IMM32.DLL
0x00007ff8eba20000 - 0x00007ff8eba2c000 	C:\Program Files\Java\jdk-17\bin\vcruntime140_1.dll
0x00007ff8e4af0000 - 0x00007ff8e4b7e000 	C:\Program Files\Java\jdk-17\bin\msvcp140.dll
0x00007ff8b1cb0000 - 0x00007ff8b288f000 	C:\Program Files\Java\jdk-17\bin\server\jvm.dll
0x00007ff8f0850000 - 0x00007ff8f0858000 	C:\WINDOWS\System32\PSAPI.DLL
0x00007ff8d2d60000 - 0x00007ff8d2d69000 	C:\WINDOWS\SYSTEM32\WSOCK32.dll
0x00007ff8f0700000 - 0x00007ff8f0771000 	C:\WINDOWS\System32\WS2_32.dll
0x00007ff8e7e80000 - 0x00007ff8e7eb4000 	C:\WINDOWS\SYSTEM32\WINMM.dll
0x00007ff8edd30000 - 0x00007ff8edd48000 	C:\WINDOWS\SYSTEM32\kernel.appcore.dll
0x00007ff8e9990000 - 0x00007ff8e999a000 	C:\Program Files\Java\jdk-17\bin\jimage.dll
0x00007ff8ec290000 - 0x00007ff8ec4c2000 	C:\WINDOWS\SYSTEM32\DBGHELP.DLL
0x00007ff8f0310000 - 0x00007ff8f0698000 	C:\WINDOWS\System32\combase.dll
0x00007ff8ef9d0000 - 0x00007ff8efaa7000 	C:\WINDOWS\System32\OLEAUT32.dll
0x00007ff8e3130000 - 0x00007ff8e3162000 	C:\WINDOWS\SYSTEM32\dbgcore.DLL
0x00007ff8ef560000 - 0x00007ff8ef5d9000 	C:\WINDOWS\System32\bcryptPrimitives.dll
0x00007ff8e8460000 - 0x00007ff8e846e000 	C:\Program Files\Java\jdk-17\bin\instrument.dll
0x00007ff8e4e20000 - 0x00007ff8e4e45000 	C:\Program Files\Java\jdk-17\bin\java.dll
0x00007ff8d4830000 - 0x00007ff8d4907000 	C:\Program Files\Java\jdk-17\bin\jsvml.dll
0x00007ff8f0b30000 - 0x00007ff8f138c000 	C:\WINDOWS\System32\SHELL32.dll
0x00007ff8ecbe0000 - 0x00007ff8ed4d6000 	C:\WINDOWS\SYSTEM32\windows.storage.dll
0x00007ff8ecaa0000 - 0x00007ff8ecbde000 	C:\WINDOWS\SYSTEM32\wintypes.dll
0x00007ff8efab0000 - 0x00007ff8efba5000 	C:\WINDOWS\System32\SHCORE.dll
0x00007ff8f06a0000 - 0x00007ff8f06fe000 	C:\WINDOWS\System32\shlwapi.dll
0x00007ff8eec20000 - 0x00007ff8eec41000 	C:\WINDOWS\SYSTEM32\profapi.dll
0x00007ff8e4bb0000 - 0x00007ff8e4bc8000 	C:\Program Files\Java\jdk-17\bin\zip.dll
0x00007ff8e4b90000 - 0x00007ff8e4ba9000 	C:\Program Files\Java\jdk-17\bin\net.dll
0x00007ff8e8ac0000 - 0x00007ff8e8bf6000 	C:\WINDOWS\SYSTEM32\WINHTTP.dll
0x00007ff8ee250000 - 0x00007ff8ee2b9000 	C:\WINDOWS\system32\mswsock.dll
0x00007ff8e4ad0000 - 0x00007ff8e4ae6000 	C:\Program Files\Java\jdk-17\bin\nio.dll
0x00007ff8e6580000 - 0x00007ff8e6590000 	C:\Program Files\Java\jdk-17\bin\verify.dll
0x00007ff898610000 - 0x00007ff898637000 	C:\Users\samsung\.gradle\native\c067742578af261105cb4f569cf0c3c89f3d7b1fecec35dd04571415982c5e48\windows-amd64\native-platform.dll
0x00007ff8bf0c0000 - 0x00007ff8bf204000 	C:\Users\samsung\.gradle\native\38dada09dfb8b06ba9b0570ebf7e218e3eb74d4ef43ca46872605cf95ebc2f47\windows-amd64\native-platform-file-events.dll
0x00007ff8e3d60000 - 0x00007ff8e3d6a000 	C:\Program Files\Java\jdk-17\bin\management.dll
0x00007ff8e3d50000 - 0x00007ff8e3d5b000 	C:\Program Files\Java\jdk-17\bin\management_ext.dll
0x00007ff8ee4d0000 - 0x00007ff8ee4eb000 	C:\WINDOWS\SYSTEM32\CRYPTSP.dll
0x00007ff8edc90000 - 0x00007ff8edcc5000 	C:\WINDOWS\system32\rsaenh.dll
0x00007ff8ee370000 - 0x00007ff8ee398000 	C:\WINDOWS\SYSTEM32\USERENV.dll
0x00007ff8ee4f0000 - 0x00007ff8ee4fc000 	C:\WINDOWS\SYSTEM32\CRYPTBASE.dll
0x00007ff8ed780000 - 0x00007ff8ed7ad000 	C:\WINDOWS\SYSTEM32\IPHLPAPI.DLL
0x00007ff8f0300000 - 0x00007ff8f0309000 	C:\WINDOWS\System32\NSI.dll
0x00007ff8e89d0000 - 0x00007ff8e89e9000 	C:\WINDOWS\SYSTEM32\dhcpcsvc6.DLL
0x00007ff8e89b0000 - 0x00007ff8e89cf000 	C:\WINDOWS\SYSTEM32\dhcpcsvc.DLL
0x00007ff8ed7b0000 - 0x00007ff8ed8a8000 	C:\WINDOWS\SYSTEM32\DNSAPI.dll
0x00007ff8e3d40000 - 0x00007ff8e3d4e000 	C:\Program Files\Java\jdk-17\bin\sunmscapi.dll
0x00007ff8eefd0000 - 0x00007ff8ef138000 	C:\WINDOWS\System32\CRYPT32.dll
0x00007ff8ee690000 - 0x00007ff8ee6be000 	C:\WINDOWS\SYSTEM32\ncrypt.dll
0x00007ff8ee650000 - 0x00007ff8ee687000 	C:\WINDOWS\SYSTEM32\NTASN1.dll
0x00007ff8e2f70000 - 0x00007ff8e2f78000 	C:\WINDOWS\system32\wshunix.dll
0x00007ff8edd50000 - 0x00007ff8edd84000 	C:\WINDOWS\SYSTEM32\ntmarta.dll
0x00007ff8e7d90000 - 0x00007ff8e7d9a000 	C:\Windows\System32\rasadhlp.dll
0x00007ff8e6350000 - 0x00007ff8e63d3000 	C:\WINDOWS\System32\fwpuclnt.dll

dbghelp: loaded successfully - version: 4.0.5 - missing functions: none
symbol engine: initialized successfully - sym options: 0x614 - pdb path: .;C:\Program Files\Java\jdk-17\bin;C:\WINDOWS\SYSTEM32;C:\WINDOWS\WinSxS\amd64_microsoft.windows.common-controls_6595b64144ccf1df_6.0.22621.3527_none_270e469b73872a76;C:\Program Files\Java\jdk-17\bin\server;C:\Users\samsung\.gradle\native\c067742578af261105cb4f569cf0c3c89f3d7b1fecec35dd04571415982c5e48\windows-amd64;C:\Users\samsung\.gradle\native\38dada09dfb8b06ba9b0570ebf7e218e3eb74d4ef43ca46872605cf95ebc2f47\windows-amd64

VM Arguments:
jvm_args: --add-opens=java.base/java.util=ALL-UNNAMED --add-opens=java.base/java.lang=ALL-UNNAMED --add-opens=java.base/java.lang.invoke=ALL-UNNAMED --add-opens=java.prefs/java.util.prefs=ALL-UNNAMED --add-opens=java.base/java.nio.charset=ALL-UNNAMED --add-opens=java.base/java.net=ALL-UNNAMED --add-opens=java.base/java.util.concurrent.atomic=ALL-UNNAMED -XX:MaxMetaspaceSize=384m -XX:+HeapDumpOnOutOfMemoryError -Xms256m -Xmx512m -Dfile.encoding=x-windows-949 -Duser.country=KR -Duser.language=ko -Duser.variant -javaagent:C:\Users\samsung\.gradle\wrapper\dists\gradle-8.5-bin\5t9huq95ubn472n8rpzujfbqh\gradle-8.5\lib\agents\gradle-instrumentation-agent-8.5.jar 
java_command: org.gradle.launcher.daemon.bootstrap.GradleDaemon 8.5
java_class_path (initial): C:\Users\samsung\.gradle\wrapper\dists\gradle-8.5-bin\5t9huq95ubn472n8rpzujfbqh\gradle-8.5\lib\gradle-launcher-8.5.jar
Launcher Type: SUN_STANDARD

[Global flags]
     intx CICompilerCount                          = 4                                         {product} {ergonomic}
   size_t CompressedClassSpaceSize                 = 335544320                                 {product} {ergonomic}
     uint ConcGCThreads                            = 2                                         {product} {ergonomic}
     uint G1ConcRefinementThreads                  = 8                                         {product} {ergonomic}
   size_t G1HeapRegionSize                         = 1048576                                   {product} {ergonomic}
    uintx GCDrainStackTargetSize                   = 64                                        {product} {ergonomic}
     bool HeapDumpOnOutOfMemoryError               = true                                   {manageable} {command line}
   size_t InitialHeapSize                          = 268435456                                 {product} {command line}
   size_t MarkStackSize                            = 4194304                                   {product} {ergonomic}
   size_t MaxHeapSize                              = 536870912                                 {product} {command line}
   size_t MaxMetaspaceSize                         = 402653184                                 {product} {command line}
   size_t MaxNewSize                               = 321912832                                 {product} {ergonomic}
   size_t MinHeapDeltaBytes                        = 1048576                                   {product} {ergonomic}
   size_t MinHeapSize                              = 268435456                                 {product} {command line}
    uintx NonNMethodCodeHeapSize                   = 5839372                                {pd product} {ergonomic}
    uintx NonProfiledCodeHeapSize                  = 122909434                              {pd product} {ergonomic}
    uintx ProfiledCodeHeapSize                     = 122909434                              {pd product} {ergonomic}
    uintx ReservedCodeCacheSize                    = 251658240                              {pd product} {ergonomic}
     bool SegmentedCodeCache                       = true                                      {product} {ergonomic}
   size_t SoftMaxHeapSize                          = 536870912                              {manageable} {ergonomic}
     bool UseCompressedClassPointers               = true                           {product lp64_product} {ergonomic}
     bool UseCompressedOops                        = true                           {product lp64_product} {ergonomic}
     bool UseG1GC                                  = true                                      {product} {ergonomic}
     bool UseLargePagesIndividualAllocation        = false                                  {pd product} {ergonomic}

Logging:
Log output configuration:
 #0: stdout all=warning uptime,level,tags
 #1: stderr all=off uptime,level,tags

Environment Variables:
JAVA_HOME=C:\Program Files\Java\jdk-17
PATH=C:\Program Files\Java\jdk-17\bin;C:\Program Files\Common Files\Oracle\Java\javapath;C:\WINDOWS\system32;C:\WINDOWS;C:\WINDOWS\System32\Wbem;C:\WINDOWS\System32\WindowsPowerShell\v1.0\;C:\WINDOWS\System32\OpenSSH\;C:\Program Files\Git\cmd;C:\Program Files\Docker\Docker\resources\bin;C:\Users\samsung\AppData\Local\Microsoft\WindowsApps;C:\Users\samsung\AppData\Local\GitHubDesktop\bin;
USERNAME=samsung
OS=Windows_NT
PROCESSOR_IDENTIFIER=Intel64 Family 6 Model 140 Stepping 1, GenuineIntel



---------------  S Y S T E M  ---------------

OS:
 Windows 11 , 64 bit Build 22621 (10.0.22621.3527)
OS uptime: 10 days 20:09 hours
Hyper-V role detected

CPU: total 8 (initial active 8) (4 cores per cpu, 2 threads per core) family 6 model 140 stepping 1 microcode 0xb4, cx8, cmov, fxsr, ht, mmx, 3dnowpref, sse, sse2, sse3, ssse3, sse4.1, sse4.2, popcnt, lzcnt, tsc, tscinvbit, avx, avx2, aes, erms, clmul, bmi1, bmi2, adx, avx512f, avx512dq, avx512cd, avx512bw, avx512vl, sha, fma, vzeroupper, avx512_vpopcntdq, avx512_vpclmulqdq, avx512_vaes, avx512_vnni, clflush, clflushopt, clwb, avx512_vbmi2, avx512_vbmi, hv

Memory: 4k page, system-wide physical 7865M (253M free)
TotalPageFile size 32441M (AvailPageFile size 4M)
current process WorkingSet (physical memory assigned to process): 341M, peak: 370M
current process commit charge ("private bytes"): 510M, peak: 513M

vm_info: Java HotSpot(TM) 64-Bit Server VM (17.0.10+11-LTS-240) for windows-amd64 JRE (17.0.10+11-LTS-240), built on Dec 19 2023 21:47:25 by "mach5one" with MS VC++ 17.1 (VS2022)

END.
